{"logger":"com.shvatov.diploma.DiplomaMqApplicationKt","timestamp":"22 Jan 2023;17:53:52.423","message":"Starting DiplomaMqApplicationKt v0.0.1-SNAPSHOT using Java 17.0.5 with PID 1 (/usr/local/lib/app.jar started by root in /)"},
{"logger":"com.shvatov.diploma.DiplomaMqApplicationKt","timestamp":"22 Jan 2023;17:53:52.537","message":"Running with Spring Boot v3.0.1, Spring v6.0.3"},
{"logger":"com.shvatov.diploma.DiplomaMqApplicationKt","timestamp":"22 Jan 2023;17:53:52.539","message":"No active profile set, falling back to 1 default profile: "default""},
{"logger":"com.shvatov.diploma.DiplomaMqApplicationKt","timestamp":"22 Jan 2023;17:54:42.526","message":"Starting DiplomaMqApplicationKt v0.0.1-SNAPSHOT using Java 17.0.5 with PID 1 (/usr/local/lib/app.jar started by root in /)"},
{"logger":"com.shvatov.diploma.DiplomaMqApplicationKt","timestamp":"22 Jan 2023;17:54:42.636","message":"Running with Spring Boot v3.0.1, Spring v6.0.3"},
{"logger":"com.shvatov.diploma.DiplomaMqApplicationKt","timestamp":"22 Jan 2023;17:54:42.639","message":"No active profile set, falling back to 1 default profile: "default""},
{"logger":"com.shvatov.diploma.DiplomaMqApplicationKt","timestamp":"22 Jan 2023;17:55:05.937","message":"Started DiplomaMqApplicationKt in 26.505 seconds (process running for 28.681)"},
{"logger":"com.shvatov.diploma.nosql.consumer.RedisMessageConsumer","timestamp":"22 Jan 2023;17:57:42.533","message":"[SYSTEM_TIME_NS=3527406377239,MESSAGE_ID=3413230462780,MESSAGE=Received message in topic [service_out]]"},
{"logger":"com.shvatov.diploma.nosql.producer.RedisMessageProducer","timestamp":"22 Jan 2023;17:57:43.325","message":"[SYSTEM_TIME_NS=3529309825414,MESSAGE_ID=3413230462780,MESSAGE=Sending message to Redis]"},
{"logger":"com.shvatov.diploma.nosql.producer.RedisMessageProducer","timestamp":"22 Jan 2023;17:57:48.743","message":"[SYSTEM_TIME_NS=3534727286737,MESSAGE_ID=3413230462780,MESSAGE=Successfully sent message to Redis]"},
{"logger":"com.shvatov.diploma.nosql.consumer.RedisMessageConsumer","timestamp":"22 Jan 2023;17:57:48.820","message":"[SYSTEM_TIME_NS=3534804706689,MESSAGE_ID=3413230462780,MESSAGE=Finished consuming message in topic [service_out]]"},
{"logger":"com.shvatov.diploma.DiplomaMqApplicationKt","timestamp":"22 Jan 2023;17:57:55.149","message":"Starting DiplomaMqApplicationKt v0.0.1-SNAPSHOT using Java 17.0.5 with PID 1 (/usr/local/lib/app.jar started by root in /)"},
{"logger":"com.shvatov.diploma.DiplomaMqApplicationKt","timestamp":"22 Jan 2023;17:57:55.328","message":"Running with Spring Boot v3.0.1, Spring v6.0.3"},
{"logger":"com.shvatov.diploma.DiplomaMqApplicationKt","timestamp":"22 Jan 2023;17:57:55.338","message":"No active profile set, falling back to 1 default profile: "default""},
{"logger":"com.shvatov.diploma.DiplomaMqApplicationKt","timestamp":"22 Jan 2023;17:58:20.030","message":"Started DiplomaMqApplicationKt in 27.394 seconds (process running for 29.665)"},
{"logger":"com.shvatov.diploma.nosql.consumer.RedisMessageConsumer","timestamp":"22 Jan 2023;17:59:18.424","message":"[SYSTEM_TIME_NS=3623331719750,MESSAGE_ID=3581237425687,MESSAGE=Received message in topic [service_out]]"},
{"logger":"com.shvatov.diploma.nosql.producer.RedisMessageProducer","timestamp":"22 Jan 2023;17:59:19.542","message":"[SYSTEM_TIME_NS=3625525997995,MESSAGE_ID=3581237425687,MESSAGE=Sending message to Redis]"},
{"logger":"com.shvatov.diploma.nosql.producer.RedisMessageProducer","timestamp":"22 Jan 2023;17:59:21.821","message":"[SYSTEM_TIME_NS=3627805255688,MESSAGE_ID=3581237425687,MESSAGE=Successfully sent message to Redis]"},
{"logger":"com.shvatov.diploma.nosql.consumer.RedisMessageConsumer","timestamp":"22 Jan 2023;17:59:21.829","message":"[SYSTEM_TIME_NS=3627813216248,MESSAGE_ID=3581237425687,MESSAGE=Finished consuming message in topic [service_out]]"},
{"logger":"com.shvatov.diploma.controller.Controller","timestamp":"22 Jan 2023;17:59:29.218","message":"[SYSTEM_TIME_NS=3635201990523,MESSAGE_ID=3635109433270,MESSAGE=Created random message]"},
{"logger":"com.shvatov.diploma.nosql.producer.RedisMessageProducer","timestamp":"22 Jan 2023;17:59:29.344","message":"[SYSTEM_TIME_NS=3635328040076,MESSAGE_ID=3635109433270,MESSAGE=Sending message to Redis]"},
{"logger":"com.shvatov.diploma.nosql.producer.RedisMessageProducer","timestamp":"22 Jan 2023;17:59:33.128","message":"[SYSTEM_TIME_NS=3639112409171,MESSAGE_ID=3635109433270,MESSAGE=Successfully sent message to Redis]"},
{"logger":"com.shvatov.diploma.nosql.consumer.RedisMessageConsumer","timestamp":"22 Jan 2023;17:59:34.727","message":"[SYSTEM_TIME_NS=3640710976036,MESSAGE_ID=3635109433270,MESSAGE=Received message in topic [service_out]]"},
{"logger":"com.shvatov.diploma.nosql.consumer.RedisMessageConsumer","timestamp":"22 Jan 2023;17:59:34.727","message":"[SYSTEM_TIME_NS=3640711825147,MESSAGE_ID=3635109433270,MESSAGE=Finished consuming message in topic [service_out]]"},
{"logger":"com.shvatov.diploma.nosql.consumer.RedisMessageConsumer","timestamp":"22 Jan 2023;17:59:46.923","message":"[SYSTEM_TIME_NS=3652907224459,MESSAGE_ID=3650313596114,MESSAGE=Received message in topic [service_out]]"},
{"logger":"com.shvatov.diploma.nosql.producer.RedisMessageProducer","timestamp":"22 Jan 2023;17:59:46.933","message":"[SYSTEM_TIME_NS=3652917489003,MESSAGE_ID=3650313596114,MESSAGE=Sending message to Redis]"},
{"logger":"com.shvatov.diploma.nosql.producer.RedisMessageProducer","timestamp":"22 Jan 2023;17:59:47.143","message":"[SYSTEM_TIME_NS=3653127692937,MESSAGE_ID=3650313596114,MESSAGE=Successfully sent message to Redis]"},
{"logger":"com.shvatov.diploma.nosql.consumer.RedisMessageConsumer","timestamp":"22 Jan 2023;17:59:47.217","message":"[SYSTEM_TIME_NS=3653200859001,MESSAGE_ID=3650313596114,MESSAGE=Finished consuming message in topic [service_out]]"},
{"logger":"com.shvatov.diploma.nosql.consumer.RedisMessageConsumer","timestamp":"22 Jan 2023;17:59:58.821","message":"[SYSTEM_TIME_NS=3664805330919,MESSAGE_ID=3662809115259,MESSAGE=Received message in topic [service_out]]"},
{"logger":"com.shvatov.diploma.nosql.producer.RedisMessageProducer","timestamp":"22 Jan 2023;17:59:58.833","message":"[SYSTEM_TIME_NS=3664816876451,MESSAGE_ID=3662809115259,MESSAGE=Sending message to Redis]"},
{"logger":"com.shvatov.diploma.nosql.producer.RedisMessageProducer","timestamp":"22 Jan 2023;17:59:59.129","message":"[SYSTEM_TIME_NS=3665113771192,MESSAGE_ID=3662809115259,MESSAGE=Successfully sent message to Redis]"},
{"logger":"com.shvatov.diploma.nosql.consumer.RedisMessageConsumer","timestamp":"22 Jan 2023;17:59:59.229","message":"[SYSTEM_TIME_NS=3665213606961,MESSAGE_ID=3662809115259,MESSAGE=Finished consuming message in topic [service_out]]"},
{"logger":"com.shvatov.diploma.nosql.consumer.RedisMessageConsumer","timestamp":"22 Jan 2023;18:00:36.228","message":"[SYSTEM_TIME_NS=3702212680011,MESSAGE_ID=3702009017677,MESSAGE=Received message in topic [service_out]]"},
{"logger":"com.shvatov.diploma.nosql.consumer.RedisMessageConsumer","timestamp":"22 Jan 2023;18:00:38.136","message":"[SYSTEM_TIME_NS=3704120425167,MESSAGE_ID=3703313705283,MESSAGE=Received message in topic [service_out]]"},
{"logger":"com.shvatov.diploma.nosql.consumer.RedisMessageConsumer","timestamp":"22 Jan 2023;18:00:38.136","message":"[SYSTEM_TIME_NS=3704120644793,MESSAGE_ID=3703423948473,MESSAGE=Received message in topic [service_out]]"},
{"logger":"com.shvatov.diploma.nosql.producer.RedisMessageProducer","timestamp":"22 Jan 2023;18:00:38.140","message":"[SYSTEM_TIME_NS=3704124712106,MESSAGE_ID=3703313705283,MESSAGE=Sending message to Redis]"},
{"logger":"com.shvatov.diploma.nosql.producer.RedisMessageProducer","timestamp":"22 Jan 2023;18:00:38.140","message":"[SYSTEM_TIME_NS=3704124658411,MESSAGE_ID=3703423948473,MESSAGE=Sending message to Redis]"},
{"logger":"com.shvatov.diploma.nosql.consumer.RedisMessageConsumer","timestamp":"22 Jan 2023;18:00:38.142","message":"[SYSTEM_TIME_NS=3704126680299,MESSAGE_ID=3703524265131,MESSAGE=Received message in topic [service_out]]"},
{"logger":"com.shvatov.diploma.nosql.producer.RedisMessageProducer","timestamp":"22 Jan 2023;18:00:38.145","message":"[SYSTEM_TIME_NS=3704129118087,MESSAGE_ID=3703313705283,MESSAGE=Successfully sent message to Redis]"},
{"logger":"com.shvatov.diploma.nosql.producer.RedisMessageProducer","timestamp":"22 Jan 2023;18:00:38.146","message":"[SYSTEM_TIME_NS=3704129945107,MESSAGE_ID=3703423948473,MESSAGE=Successfully sent message to Redis]"},
{"logger":"com.shvatov.diploma.nosql.consumer.RedisMessageConsumer","timestamp":"22 Jan 2023;18:00:38.146","message":"[SYSTEM_TIME_NS=3704130295590,MESSAGE_ID=3703313705283,MESSAGE=Finished consuming message in topic [service_out]]"},
{"logger":"com.shvatov.diploma.nosql.consumer.RedisMessageConsumer","timestamp":"22 Jan 2023;18:00:38.146","message":"[SYSTEM_TIME_NS=3704130705559,MESSAGE_ID=3703423948473,MESSAGE=Finished consuming message in topic [service_out]]"},
{"logger":"com.shvatov.diploma.nosql.producer.RedisMessageProducer","timestamp":"22 Jan 2023;18:00:38.145","message":"[SYSTEM_TIME_NS=3704128983316,MESSAGE_ID=3703524265131,MESSAGE=Sending message to Redis]"},
{"logger":"com.shvatov.diploma.nosql.producer.RedisMessageProducer","timestamp":"22 Jan 2023;18:00:38.148","message":"[SYSTEM_TIME_NS=3704132692147,MESSAGE_ID=3703524265131,MESSAGE=Successfully sent message to Redis]"},
{"logger":"com.shvatov.diploma.nosql.consumer.RedisMessageConsumer","timestamp":"22 Jan 2023;18:00:38.149","message":"[SYSTEM_TIME_NS=3704133283873,MESSAGE_ID=3703524265131,MESSAGE=Finished consuming message in topic [service_out]]"},
{"logger":"com.shvatov.diploma.nosql.consumer.RedisMessageConsumer","timestamp":"22 Jan 2023;18:00:38.253","message":"[SYSTEM_TIME_NS=3704237206119,MESSAGE_ID=3703617934205,MESSAGE=Received message in topic [service_out]]"},
{"logger":"com.shvatov.diploma.nosql.producer.RedisMessageProducer","timestamp":"22 Jan 2023;18:00:38.338","message":"[SYSTEM_TIME_NS=3704322301076,MESSAGE_ID=3703617934205,MESSAGE=Sending message to Redis]"},
{"logger":"com.shvatov.diploma.nosql.producer.RedisMessageProducer","timestamp":"22 Jan 2023;18:00:38.340","message":"[SYSTEM_TIME_NS=3704324129571,MESSAGE_ID=3703617934205,MESSAGE=Successfully sent message to Redis]"},
{"logger":"com.shvatov.diploma.nosql.consumer.RedisMessageConsumer","timestamp":"22 Jan 2023;18:00:38.341","message":"[SYSTEM_TIME_NS=3704325730962,MESSAGE_ID=3703617934205,MESSAGE=Finished consuming message in topic [service_out]]"},
{"logger":"com.shvatov.diploma.nosql.producer.RedisMessageProducer","timestamp":"22 Jan 2023;18:00:37.723","message":"[SYSTEM_TIME_NS=3703620129520,MESSAGE_ID=3702009017677,MESSAGE=Sending message to Redis]"},
{"logger":"com.shvatov.diploma.nosql.producer.RedisMessageProducer","timestamp":"22 Jan 2023;18:00:38.827","message":"[SYSTEM_TIME_NS=3704810917049,MESSAGE_ID=3702009017677,MESSAGE=Successfully sent message to Redis]"},
{"logger":"com.shvatov.diploma.nosql.consumer.RedisMessageConsumer","timestamp":"22 Jan 2023;18:00:38.845","message":"[SYSTEM_TIME_NS=3704829101157,MESSAGE_ID=3702009017677,MESSAGE=Finished consuming message in topic [service_out]]"},
{"logger":"com.shvatov.diploma.nosql.consumer.RedisMessageConsumer","timestamp":"22 Jan 2023;18:00:41.716","message":"[SYSTEM_TIME_NS=3707617304131,MESSAGE_ID=3705841661048,MESSAGE=Received message in topic [service_out]]"},
{"logger":"com.shvatov.diploma.nosql.producer.RedisMessageProducer","timestamp":"22 Jan 2023;18:00:41.722","message":"[SYSTEM_TIME_NS=3707706672122,MESSAGE_ID=3705841661048,MESSAGE=Sending message to Redis]"},
{"logger":"com.shvatov.diploma.nosql.producer.RedisMessageProducer","timestamp":"22 Jan 2023;18:00:42.145","message":"[SYSTEM_TIME_NS=3708129112146,MESSAGE_ID=3705841661048,MESSAGE=Successfully sent message to Redis]"},
{"logger":"com.shvatov.diploma.nosql.consumer.RedisMessageConsumer","timestamp":"22 Jan 2023;18:00:42.621","message":"[SYSTEM_TIME_NS=3708605543801,MESSAGE_ID=3705841661048,MESSAGE=Finished consuming message in topic [service_out]]"},
{"logger":"com.shvatov.diploma.nosql.consumer.RedisMessageConsumer","timestamp":"22 Jan 2023;18:00:43.140","message":"[SYSTEM_TIME_NS=3709124192510,MESSAGE_ID=3707112744780,MESSAGE=Received message in topic [service_out]]"},
{"logger":"com.shvatov.diploma.nosql.producer.RedisMessageProducer","timestamp":"22 Jan 2023;18:00:43.534","message":"[SYSTEM_TIME_NS=3709518058980,MESSAGE_ID=3707112744780,MESSAGE=Sending message to Redis]"},
{"logger":"com.shvatov.diploma.nosql.producer.RedisMessageProducer","timestamp":"22 Jan 2023;18:00:44.042","message":"[SYSTEM_TIME_NS=3710026281578,MESSAGE_ID=3707112744780,MESSAGE=Successfully sent message to Redis]"},
{"logger":"com.shvatov.diploma.nosql.consumer.RedisMessageConsumer","timestamp":"22 Jan 2023;18:00:44.628","message":"[SYSTEM_TIME_NS=3710612780299,MESSAGE_ID=3707112744780,MESSAGE=Finished consuming message in topic [service_out]]"},
{"logger":"com.shvatov.diploma.nosql.consumer.RedisMessageConsumer","timestamp":"22 Jan 2023;18:00:43.525","message":"[SYSTEM_TIME_NS=3709509234992,MESSAGE_ID=3708908027360,MESSAGE=Received message in topic [service_out]]"},
{"logger":"com.shvatov.diploma.nosql.producer.RedisMessageProducer","timestamp":"22 Jan 2023;18:00:46.123","message":"[SYSTEM_TIME_NS=3712107466210,MESSAGE_ID=3708908027360,MESSAGE=Sending message to Redis]"},
{"logger":"com.shvatov.diploma.nosql.producer.RedisMessageProducer","timestamp":"22 Jan 2023;18:00:46.349","message":"[SYSTEM_TIME_NS=3712333194392,MESSAGE_ID=3708908027360,MESSAGE=Successfully sent message to Redis]"},
{"logger":"com.shvatov.diploma.nosql.consumer.RedisMessageConsumer","timestamp":"22 Jan 2023;18:00:46.441","message":"[SYSTEM_TIME_NS=3712425752903,MESSAGE_ID=3708908027360,MESSAGE=Finished consuming message in topic [service_out]]"},
{"logger":"com.shvatov.diploma.nosql.consumer.RedisMessageConsumer","timestamp":"22 Jan 2023;18:00:56.630","message":"[SYSTEM_TIME_NS=3722614908748,MESSAGE_ID=3721501500826,MESSAGE=Received message in topic [service_out]]"},
{"logger":"com.shvatov.diploma.nosql.producer.RedisMessageProducer","timestamp":"22 Jan 2023;18:00:56.631","message":"[SYSTEM_TIME_NS=3722615625158,MESSAGE_ID=3721501500826,MESSAGE=Sending message to Redis]"},
{"logger":"com.shvatov.diploma.nosql.producer.RedisMessageProducer","timestamp":"22 Jan 2023;18:00:56.733","message":"[SYSTEM_TIME_NS=3722717250932,MESSAGE_ID=3721501500826,MESSAGE=Successfully sent message to Redis]"},
{"logger":"com.shvatov.diploma.nosql.consumer.RedisMessageConsumer","timestamp":"22 Jan 2023;18:00:56.816","message":"[SYSTEM_TIME_NS=3722800115684,MESSAGE_ID=3721501500826,MESSAGE=Finished consuming message in topic [service_out]]"},
{"logger":"com.shvatov.diploma.nosql.consumer.RedisMessageConsumer","timestamp":"22 Jan 2023;18:00:57.039","message":"[SYSTEM_TIME_NS=3723023034812,MESSAGE_ID=3722429501034,MESSAGE=Received message in topic [service_out]]"},
{"logger":"com.shvatov.diploma.nosql.producer.RedisMessageProducer","timestamp":"22 Jan 2023;18:00:57.043","message":"[SYSTEM_TIME_NS=3723027683058,MESSAGE_ID=3722429501034,MESSAGE=Sending message to Redis]"},
{"logger":"com.shvatov.diploma.nosql.consumer.RedisMessageConsumer","timestamp":"22 Jan 2023;18:00:57.217","message":"[SYSTEM_TIME_NS=3723200868113,MESSAGE_ID=3722502595087,MESSAGE=Received message in topic [service_out]]"},
{"logger":"com.shvatov.diploma.nosql.producer.RedisMessageProducer","timestamp":"22 Jan 2023;18:00:57.232","message":"[SYSTEM_TIME_NS=3723215950756,MESSAGE_ID=3722502595087,MESSAGE=Sending message to Redis]"},
{"logger":"com.shvatov.diploma.nosql.producer.RedisMessageProducer","timestamp":"22 Jan 2023;18:00:57.331","message":"[SYSTEM_TIME_NS=3723315178228,MESSAGE_ID=3722502595087,MESSAGE=Successfully sent message to Redis]"},
{"logger":"com.shvatov.diploma.nosql.consumer.RedisMessageConsumer","timestamp":"22 Jan 2023;18:00:57.345","message":"[SYSTEM_TIME_NS=3723329266819,MESSAGE_ID=3722502595087,MESSAGE=Finished consuming message in topic [service_out]]"},
{"logger":"com.shvatov.diploma.nosql.producer.RedisMessageProducer","timestamp":"22 Jan 2023;18:00:57.233","message":"[SYSTEM_TIME_NS=3723217713747,MESSAGE_ID=3722429501034,MESSAGE=Successfully sent message to Redis]"},
{"logger":"com.shvatov.diploma.nosql.consumer.RedisMessageConsumer","timestamp":"22 Jan 2023;18:00:57.427","message":"[SYSTEM_TIME_NS=3723408757148,MESSAGE_ID=3722429501034,MESSAGE=Finished consuming message in topic [service_out]]"},
{"logger":"com.shvatov.diploma.nosql.consumer.RedisMessageConsumer","timestamp":"22 Jan 2023;18:00:57.430","message":"[SYSTEM_TIME_NS=3723414445521,MESSAGE_ID=3722618736327,MESSAGE=Received message in topic [service_out]]"},
{"logger":"com.shvatov.diploma.nosql.consumer.RedisMessageConsumer","timestamp":"22 Jan 2023;18:00:57.416","message":"[SYSTEM_TIME_NS=3723400533544,MESSAGE_ID=3722602564063,MESSAGE=Received message in topic [service_out]]"},
{"logger":"com.shvatov.diploma.nosql.producer.RedisMessageProducer","timestamp":"22 Jan 2023;18:00:57.631","message":"[SYSTEM_TIME_NS=3723615410941,MESSAGE_ID=3722602564063,MESSAGE=Sending message to Redis]"},
{"logger":"com.shvatov.diploma.nosql.producer.RedisMessageProducer","timestamp":"22 Jan 2023;18:00:57.636","message":"[SYSTEM_TIME_NS=3723620038133,MESSAGE_ID=3722602564063,MESSAGE=Successfully sent message to Redis]"},
{"logger":"com.shvatov.diploma.nosql.consumer.RedisMessageConsumer","timestamp":"22 Jan 2023;18:00:57.552","message":"[SYSTEM_TIME_NS=3723536197440,MESSAGE_ID=3722631889848,MESSAGE=Received message in topic [service_out]]"},
{"logger":"com.shvatov.diploma.nosql.consumer.RedisMessageConsumer","timestamp":"22 Jan 2023;18:00:57.637","message":"[SYSTEM_TIME_NS=3723621081745,MESSAGE_ID=3722602564063,MESSAGE=Finished consuming message in topic [service_out]]"},
{"logger":"com.shvatov.diploma.nosql.producer.RedisMessageProducer","timestamp":"22 Jan 2023;18:00:57.641","message":"[SYSTEM_TIME_NS=3723624982523,MESSAGE_ID=3722631889848,MESSAGE=Sending message to Redis]"},
{"logger":"com.shvatov.diploma.nosql.producer.RedisMessageProducer","timestamp":"22 Jan 2023;18:00:57.647","message":"[SYSTEM_TIME_NS=3723631302079,MESSAGE_ID=3722618736327,MESSAGE=Sending message to Redis]"},
{"logger":"com.shvatov.diploma.nosql.producer.RedisMessageProducer","timestamp":"22 Jan 2023;18:00:57.740","message":"[SYSTEM_TIME_NS=3723724352987,MESSAGE_ID=3722618736327,MESSAGE=Successfully sent message to Redis]"},
{"logger":"com.shvatov.diploma.nosql.consumer.RedisMessageConsumer","timestamp":"22 Jan 2023;18:00:57.742","message":"[SYSTEM_TIME_NS=3723726705671,MESSAGE_ID=3722618736327,MESSAGE=Finished consuming message in topic [service_out]]"},
{"logger":"com.shvatov.diploma.nosql.consumer.RedisMessageConsumer","timestamp":"22 Jan 2023;18:00:57.645","message":"[SYSTEM_TIME_NS=3723629862024,MESSAGE_ID=3722829280774,MESSAGE=Received message in topic [service_out]]"},
{"logger":"com.shvatov.diploma.nosql.producer.RedisMessageProducer","timestamp":"22 Jan 2023;18:00:57.746","message":"[SYSTEM_TIME_NS=3723730664953,MESSAGE_ID=3722829280774,MESSAGE=Sending message to Redis]"},
{"logger":"com.shvatov.diploma.nosql.consumer.RedisMessageConsumer","timestamp":"22 Jan 2023;18:00:57.723","message":"[SYSTEM_TIME_NS=3723707012196,MESSAGE_ID=3722723854398,MESSAGE=Received message in topic [service_out]]"},
{"logger":"com.shvatov.diploma.nosql.producer.RedisMessageProducer","timestamp":"22 Jan 2023;18:00:57.817","message":"[SYSTEM_TIME_NS=3723801587330,MESSAGE_ID=3722723854398,MESSAGE=Sending message to Redis]"},
{"logger":"com.shvatov.diploma.nosql.producer.RedisMessageProducer","timestamp":"22 Jan 2023;18:00:57.818","message":"[SYSTEM_TIME_NS=3723802170050,MESSAGE_ID=3722631889848,MESSAGE=Successfully sent message to Redis]"},
{"logger":"com.shvatov.diploma.nosql.consumer.RedisMessageConsumer","timestamp":"22 Jan 2023;18:00:57.819","message":"[SYSTEM_TIME_NS=3723803373700,MESSAGE_ID=3722631889848,MESSAGE=Finished consuming message in topic [service_out]]"},
{"logger":"com.shvatov.diploma.nosql.producer.RedisMessageProducer","timestamp":"22 Jan 2023;18:00:57.820","message":"[SYSTEM_TIME_NS=3723804441063,MESSAGE_ID=3722723854398,MESSAGE=Successfully sent message to Redis]"},
{"logger":"com.shvatov.diploma.nosql.consumer.RedisMessageConsumer","timestamp":"22 Jan 2023;18:00:57.822","message":"[SYSTEM_TIME_NS=3723805989484,MESSAGE_ID=3722723854398,MESSAGE=Finished consuming message in topic [service_out]]"},
{"logger":"com.shvatov.diploma.nosql.consumer.RedisMessageConsumer","timestamp":"22 Jan 2023;18:00:57.926","message":"[SYSTEM_TIME_NS=3723910527451,MESSAGE_ID=3723005636246,MESSAGE=Received message in topic [service_out]]"},
{"logger":"com.shvatov.diploma.nosql.producer.RedisMessageProducer","timestamp":"22 Jan 2023;18:00:58.126","message":"[SYSTEM_TIME_NS=3724110300974,MESSAGE_ID=3722829280774,MESSAGE=Successfully sent message to Redis]"},
{"logger":"com.shvatov.diploma.nosql.consumer.RedisMessageConsumer","timestamp":"22 Jan 2023;18:00:59.523","message":"[SYSTEM_TIME_NS=3725507257724,MESSAGE_ID=3723105513182,MESSAGE=Received message in topic [service_out]]"},
{"logger":"com.shvatov.diploma.nosql.producer.RedisMessageProducer","timestamp":"22 Jan 2023;18:00:59.529","message":"[SYSTEM_TIME_NS=3725513270373,MESSAGE_ID=3723105513182,MESSAGE=Sending message to Redis]"},
{"logger":"com.shvatov.diploma.nosql.producer.RedisMessageProducer","timestamp":"22 Jan 2023;18:00:59.544","message":"[SYSTEM_TIME_NS=3725528205564,MESSAGE_ID=3723105513182,MESSAGE=Successfully sent message to Redis]"},
{"logger":"com.shvatov.diploma.nosql.consumer.RedisMessageConsumer","timestamp":"22 Jan 2023;18:00:59.716","message":"[SYSTEM_TIME_NS=3725700150689,MESSAGE_ID=3723105513182,MESSAGE=Finished consuming message in topic [service_out]]"},
{"logger":"com.shvatov.diploma.nosql.producer.RedisMessageProducer","timestamp":"22 Jan 2023;18:00:58.019","message":"[SYSTEM_TIME_NS=3724003484687,MESSAGE_ID=3723005636246,MESSAGE=Sending message to Redis]"},
{"logger":"com.shvatov.diploma.nosql.producer.RedisMessageProducer","timestamp":"22 Jan 2023;18:00:59.724","message":"[SYSTEM_TIME_NS=3725708939842,MESSAGE_ID=3723005636246,MESSAGE=Successfully sent message to Redis]"},
{"logger":"com.shvatov.diploma.nosql.consumer.RedisMessageConsumer","timestamp":"22 Jan 2023;18:00:59.725","message":"[SYSTEM_TIME_NS=3725709527108,MESSAGE_ID=3723005636246,MESSAGE=Finished consuming message in topic [service_out]]"},
{"logger":"com.shvatov.diploma.nosql.consumer.RedisMessageConsumer","timestamp":"22 Jan 2023;18:00:58.250","message":"[SYSTEM_TIME_NS=3724234110035,MESSAGE_ID=3722829280774,MESSAGE=Finished consuming message in topic [service_out]]"},
{"logger":"com.shvatov.diploma.nosql.consumer.RedisMessageConsumer","timestamp":"22 Jan 2023;18:01:00.227","message":"[SYSTEM_TIME_NS=3726211416058,MESSAGE_ID=3722915317493,MESSAGE=Received message in topic [service_out]]"},
{"logger":"com.shvatov.diploma.nosql.producer.RedisMessageProducer","timestamp":"22 Jan 2023;18:01:00.316","message":"[SYSTEM_TIME_NS=3726300781409,MESSAGE_ID=3722915317493,MESSAGE=Sending message to Redis]"},
{"logger":"com.shvatov.diploma.nosql.producer.RedisMessageProducer","timestamp":"22 Jan 2023;18:01:00.429","message":"[SYSTEM_TIME_NS=3726413587388,MESSAGE_ID=3722915317493,MESSAGE=Successfully sent message to Redis]"},
{"logger":"com.shvatov.diploma.nosql.consumer.RedisMessageConsumer","timestamp":"22 Jan 2023;18:01:00.453","message":"[SYSTEM_TIME_NS=3726437603179,MESSAGE_ID=3722915317493,MESSAGE=Finished consuming message in topic [service_out]]"},
{"logger":"com.shvatov.diploma.nosql.consumer.RedisMessageConsumer","timestamp":"22 Jan 2023;18:01:02.725","message":"[SYSTEM_TIME_NS=3728709831401,MESSAGE_ID=3723108152113,MESSAGE=Received message in topic [service_out]]"},
{"logger":"com.shvatov.diploma.nosql.consumer.RedisMessageConsumer","timestamp":"22 Jan 2023;18:01:02.733","message":"[SYSTEM_TIME_NS=3728717609914,MESSAGE_ID=3723611966703,MESSAGE=Received message in topic [service_out]]"},
{"logger":"com.shvatov.diploma.nosql.producer.RedisMessageProducer","timestamp":"22 Jan 2023;18:01:02.918","message":"[SYSTEM_TIME_NS=3728902090552,MESSAGE_ID=3723108152113,MESSAGE=Sending message to Redis]"},
{"logger":"com.shvatov.diploma.nosql.producer.RedisMessageProducer","timestamp":"22 Jan 2023;18:01:03.725","message":"[SYSTEM_TIME_NS=3729709037645,MESSAGE_ID=3723108152113,MESSAGE=Successfully sent message to Redis]"},
{"logger":"com.shvatov.diploma.nosql.consumer.RedisMessageConsumer","timestamp":"22 Jan 2023;18:01:03.756","message":"[SYSTEM_TIME_NS=3729740022865,MESSAGE_ID=3723108152113,MESSAGE=Finished consuming message in topic [service_out]]"},
{"logger":"com.shvatov.diploma.nosql.consumer.RedisMessageConsumer","timestamp":"22 Jan 2023;18:01:03.848","message":"[SYSTEM_TIME_NS=3729832248625,MESSAGE_ID=3723998688438,MESSAGE=Received message in topic [service_out]]"},
{"logger":"com.shvatov.diploma.nosql.producer.RedisMessageProducer","timestamp":"22 Jan 2023;18:01:03.917","message":"[SYSTEM_TIME_NS=3729901431507,MESSAGE_ID=3723998688438,MESSAGE=Sending message to Redis]"},
{"logger":"com.shvatov.diploma.nosql.producer.RedisMessageProducer","timestamp":"22 Jan 2023;18:01:03.919","message":"[SYSTEM_TIME_NS=3729903445184,MESSAGE_ID=3723998688438,MESSAGE=Successfully sent message to Redis]"},
{"logger":"com.shvatov.diploma.nosql.consumer.RedisMessageConsumer","timestamp":"22 Jan 2023;18:01:03.922","message":"[SYSTEM_TIME_NS=3729906616971,MESSAGE_ID=3723998688438,MESSAGE=Finished consuming message in topic [service_out]]"},
{"logger":"com.shvatov.diploma.nosql.consumer.RedisMessageConsumer","timestamp":"22 Jan 2023;18:01:04.033","message":"[SYSTEM_TIME_NS=3730017583773,MESSAGE_ID=3725874173780,MESSAGE=Received message in topic [service_out]]"},
{"logger":"com.shvatov.diploma.nosql.producer.RedisMessageProducer","timestamp":"22 Jan 2023;18:01:04.031","message":"[SYSTEM_TIME_NS=3730015035161,MESSAGE_ID=3723611966703,MESSAGE=Sending message to Redis]"},
{"logger":"com.shvatov.diploma.nosql.consumer.RedisMessageConsumer","timestamp":"22 Jan 2023;18:01:04.038","message":"[SYSTEM_TIME_NS=3730022915971,MESSAGE_ID=3726001576082,MESSAGE=Received message in topic [service_out]]"},
{"logger":"com.shvatov.diploma.nosql.producer.RedisMessageProducer","timestamp":"22 Jan 2023;18:01:04.039","message":"[SYSTEM_TIME_NS=3730023064279,MESSAGE_ID=3725874173780,MESSAGE=Sending message to Redis]"},
{"logger":"com.shvatov.diploma.nosql.producer.RedisMessageProducer","timestamp":"22 Jan 2023;18:01:04.039","message":"[SYSTEM_TIME_NS=3730023195879,MESSAGE_ID=3723611966703,MESSAGE=Successfully sent message to Redis]"},
{"logger":"com.shvatov.diploma.nosql.consumer.RedisMessageConsumer","timestamp":"22 Jan 2023;18:01:04.042","message":"[SYSTEM_TIME_NS=3730026820865,MESSAGE_ID=3723611966703,MESSAGE=Finished consuming message in topic [service_out]]"},
{"logger":"com.shvatov.diploma.nosql.producer.RedisMessageProducer","timestamp":"22 Jan 2023;18:01:04.124","message":"[SYSTEM_TIME_NS=3730108692914,MESSAGE_ID=3725874173780,MESSAGE=Successfully sent message to Redis]"},
{"logger":"com.shvatov.diploma.nosql.consumer.RedisMessageConsumer","timestamp":"22 Jan 2023;18:01:04.127","message":"[SYSTEM_TIME_NS=3730111738203,MESSAGE_ID=3725874173780,MESSAGE=Finished consuming message in topic [service_out]]"},
{"logger":"com.shvatov.diploma.nosql.producer.RedisMessageProducer","timestamp":"22 Jan 2023;18:01:04.234","message":"[SYSTEM_TIME_NS=3730218094278,MESSAGE_ID=3726001576082,MESSAGE=Sending message to Redis]"},
{"logger":"com.shvatov.diploma.nosql.producer.RedisMessageProducer","timestamp":"22 Jan 2023;18:01:04.235","message":"[SYSTEM_TIME_NS=3730219777354,MESSAGE_ID=3726001576082,MESSAGE=Successfully sent message to Redis]"},
{"logger":"com.shvatov.diploma.nosql.consumer.RedisMessageConsumer","timestamp":"22 Jan 2023;18:01:04.236","message":"[SYSTEM_TIME_NS=3730220527844,MESSAGE_ID=3726001576082,MESSAGE=Finished consuming message in topic [service_out]]"},
{"logger":"com.shvatov.diploma.nosql.consumer.RedisMessageConsumer","timestamp":"22 Jan 2023;18:01:05.125","message":"[SYSTEM_TIME_NS=3731109451749,MESSAGE_ID=3724124605847,MESSAGE=Received message in topic [service_out]]"},
{"logger":"com.shvatov.diploma.nosql.consumer.RedisMessageConsumer","timestamp":"22 Jan 2023;18:01:05.763","message":"[SYSTEM_TIME_NS=3731747326938,MESSAGE_ID=3726209650460,MESSAGE=Received message in topic [service_out]]"},
{"logger":"com.shvatov.diploma.nosql.producer.RedisMessageProducer","timestamp":"22 Jan 2023;18:01:05.765","message":"[SYSTEM_TIME_NS=3731749907594,MESSAGE_ID=3726209650460,MESSAGE=Sending message to Redis]"},
{"logger":"com.shvatov.diploma.nosql.producer.RedisMessageProducer","timestamp":"22 Jan 2023;18:01:05.769","message":"[SYSTEM_TIME_NS=3731753138319,MESSAGE_ID=3726209650460,MESSAGE=Successfully sent message to Redis]"},
{"logger":"com.shvatov.diploma.nosql.consumer.RedisMessageConsumer","timestamp":"22 Jan 2023;18:01:05.770","message":"[SYSTEM_TIME_NS=3731754042470,MESSAGE_ID=3726209650460,MESSAGE=Finished consuming message in topic [service_out]]"},
{"logger":"com.shvatov.diploma.nosql.consumer.RedisMessageConsumer","timestamp":"22 Jan 2023;18:01:05.770","message":"[SYSTEM_TIME_NS=3731754408635,MESSAGE_ID=3726018997938,MESSAGE=Received message in topic [service_out]]"},
{"logger":"com.shvatov.diploma.nosql.producer.RedisMessageProducer","timestamp":"22 Jan 2023;18:01:05.773","message":"[SYSTEM_TIME_NS=3731757777966,MESSAGE_ID=3726018997938,MESSAGE=Sending message to Redis]"},
{"logger":"com.shvatov.diploma.nosql.producer.RedisMessageProducer","timestamp":"22 Jan 2023;18:01:05.821","message":"[SYSTEM_TIME_NS=3731805652478,MESSAGE_ID=3726018997938,MESSAGE=Successfully sent message to Redis]"},
{"logger":"com.shvatov.diploma.nosql.consumer.RedisMessageConsumer","timestamp":"22 Jan 2023;18:01:06.240","message":"[SYSTEM_TIME_NS=3732224123428,MESSAGE_ID=3726018997938,MESSAGE=Finished consuming message in topic [service_out]]"},
{"logger":"com.shvatov.diploma.nosql.consumer.RedisMessageConsumer","timestamp":"22 Jan 2023;18:01:06.638","message":"[SYSTEM_TIME_NS=3732622386172,MESSAGE_ID=3726034800668,MESSAGE=Received message in topic [service_out]]"},
{"logger":"com.shvatov.diploma.nosql.producer.RedisMessageProducer","timestamp":"22 Jan 2023;18:01:06.841","message":"[SYSTEM_TIME_NS=3732825553921,MESSAGE_ID=3726034800668,MESSAGE=Sending message to Redis]"},
{"logger":"com.shvatov.diploma.nosql.producer.RedisMessageProducer","timestamp":"22 Jan 2023;18:01:06.725","message":"[SYSTEM_TIME_NS=3731331079677,MESSAGE_ID=3724124605847,MESSAGE=Sending message to Redis]"},
{"logger":"com.shvatov.diploma.nosql.consumer.RedisMessageConsumer","timestamp":"22 Jan 2023;18:01:06.733","message":"[SYSTEM_TIME_NS=3732717541146,MESSAGE_ID=3726025385734,MESSAGE=Received message in topic [service_out]]"},
{"logger":"com.shvatov.diploma.nosql.producer.RedisMessageProducer","timestamp":"22 Jan 2023;18:01:07.150","message":"[SYSTEM_TIME_NS=3733134345899,MESSAGE_ID=3724124605847,MESSAGE=Successfully sent message to Redis]"},
{"logger":"com.shvatov.diploma.nosql.consumer.RedisMessageConsumer","timestamp":"22 Jan 2023;18:01:07.249","message":"[SYSTEM_TIME_NS=3733233574952,MESSAGE_ID=3726610006837,MESSAGE=Received message in topic [service_out]]"},
{"logger":"com.shvatov.diploma.nosql.consumer.RedisMessageConsumer","timestamp":"22 Jan 2023;18:01:07.044","message":"[SYSTEM_TIME_NS=3733028806770,MESSAGE_ID=3726232215069,MESSAGE=Received message in topic [service_out]]"},
{"logger":"com.shvatov.diploma.nosql.producer.RedisMessageProducer","timestamp":"22 Jan 2023;18:01:07.442","message":"[SYSTEM_TIME_NS=3733426235166,MESSAGE_ID=3726610006837,MESSAGE=Sending message to Redis]"},
{"logger":"com.shvatov.diploma.nosql.producer.RedisMessageProducer","timestamp":"22 Jan 2023;18:01:07.151","message":"[SYSTEM_TIME_NS=3733134844114,MESSAGE_ID=3726025385734,MESSAGE=Sending message to Redis]"},
{"logger":"com.shvatov.diploma.nosql.consumer.RedisMessageConsumer","timestamp":"22 Jan 2023;18:01:07.352","message":"[SYSTEM_TIME_NS=3733336248935,MESSAGE_ID=3726908774574,MESSAGE=Received message in topic [service_out]]"},
{"logger":"com.shvatov.diploma.nosql.consumer.RedisMessageConsumer","timestamp":"22 Jan 2023;18:01:08.142","message":"[SYSTEM_TIME_NS=3734126499195,MESSAGE_ID=3727101211681,MESSAGE=Received message in topic [service_out]]"},
{"logger":"com.shvatov.diploma.nosql.producer.RedisMessageProducer","timestamp":"22 Jan 2023;18:01:08.143","message":"[SYSTEM_TIME_NS=3734127219202,MESSAGE_ID=3727101211681,MESSAGE=Sending message to Redis]"},
{"logger":"com.shvatov.diploma.nosql.producer.RedisMessageProducer","timestamp":"22 Jan 2023;18:01:08.144","message":"[SYSTEM_TIME_NS=3734127977829,MESSAGE_ID=3727101211681,MESSAGE=Successfully sent message to Redis]"},
{"logger":"com.shvatov.diploma.nosql.consumer.RedisMessageConsumer","timestamp":"22 Jan 2023;18:01:08.144","message":"[SYSTEM_TIME_NS=3734128376985,MESSAGE_ID=3727101211681,MESSAGE=Finished consuming message in topic [service_out]]"},
{"logger":"com.shvatov.diploma.nosql.producer.RedisMessageProducer","timestamp":"22 Jan 2023;18:01:08.221","message":"[SYSTEM_TIME_NS=3734205486196,MESSAGE_ID=3726232215069,MESSAGE=Sending message to Redis]"},
{"logger":"com.shvatov.diploma.nosql.producer.RedisMessageProducer","timestamp":"22 Jan 2023;18:01:08.228","message":"[SYSTEM_TIME_NS=3734212690994,MESSAGE_ID=3726232215069,MESSAGE=Successfully sent message to Redis]"},
{"logger":"com.shvatov.diploma.nosql.consumer.RedisMessageConsumer","timestamp":"22 Jan 2023;18:01:07.151","message":"[SYSTEM_TIME_NS=3733135825706,MESSAGE_ID=3724124605847,MESSAGE=Finished consuming message in topic [service_out]]"},
{"logger":"com.shvatov.diploma.nosql.consumer.RedisMessageConsumer","timestamp":"22 Jan 2023;18:01:08.235","message":"[SYSTEM_TIME_NS=3734219203836,MESSAGE_ID=3726232215069,MESSAGE=Finished consuming message in topic [service_out]]"},
{"logger":"com.shvatov.diploma.nosql.producer.RedisMessageProducer","timestamp":"22 Jan 2023;18:01:08.244","message":"[SYSTEM_TIME_NS=3734228017323,MESSAGE_ID=3726025385734,MESSAGE=Successfully sent message to Redis]"},
{"logger":"com.shvatov.diploma.nosql.consumer.RedisMessageConsumer","timestamp":"22 Jan 2023;18:01:08.250","message":"[SYSTEM_TIME_NS=3734234065332,MESSAGE_ID=3726025385734,MESSAGE=Finished consuming message in topic [service_out]]"},
{"logger":"com.shvatov.diploma.nosql.producer.RedisMessageProducer","timestamp":"22 Jan 2023;18:01:08.630","message":"[SYSTEM_TIME_NS=3734613920454,MESSAGE_ID=3726610006837,MESSAGE=Successfully sent message to Redis]"},
{"logger":"com.shvatov.diploma.nosql.consumer.RedisMessageConsumer","timestamp":"22 Jan 2023;18:01:08.630","message":"[SYSTEM_TIME_NS=3734614724917,MESSAGE_ID=3726610006837,MESSAGE=Finished consuming message in topic [service_out]]"},
{"logger":"com.shvatov.diploma.nosql.producer.RedisMessageProducer","timestamp":"22 Jan 2023;18:01:08.721","message":"[SYSTEM_TIME_NS=3734705775347,MESSAGE_ID=3726034800668,MESSAGE=Successfully sent message to Redis]"},
{"logger":"com.shvatov.diploma.nosql.consumer.RedisMessageConsumer","timestamp":"22 Jan 2023;18:01:08.739","message":"[SYSTEM_TIME_NS=3734723152100,MESSAGE_ID=3726034800668,MESSAGE=Finished consuming message in topic [service_out]]"},
{"logger":"com.shvatov.diploma.nosql.producer.RedisMessageProducer","timestamp":"22 Jan 2023;18:01:09.217","message":"[SYSTEM_TIME_NS=3735201409423,MESSAGE_ID=3726908774574,MESSAGE=Sending message to Redis]"},
{"logger":"com.shvatov.diploma.nosql.producer.RedisMessageProducer","timestamp":"22 Jan 2023;18:01:09.416","message":"[SYSTEM_TIME_NS=3735400552492,MESSAGE_ID=3726908774574,MESSAGE=Successfully sent message to Redis]"},
{"logger":"com.shvatov.diploma.nosql.consumer.RedisMessageConsumer","timestamp":"22 Jan 2023;18:01:09.519","message":"[SYSTEM_TIME_NS=3735502945611,MESSAGE_ID=3726908774574,MESSAGE=Finished consuming message in topic [service_out]]"},
{"logger":"com.shvatov.diploma.nosql.consumer.RedisMessageConsumer","timestamp":"22 Jan 2023;18:01:11.349","message":"[SYSTEM_TIME_NS=3737333514022,MESSAGE_ID=3727004060951,MESSAGE=Received message in topic [service_out]]"},
{"logger":"com.shvatov.diploma.nosql.producer.RedisMessageProducer","timestamp":"22 Jan 2023;18:01:11.618","message":"[SYSTEM_TIME_NS=3737602501206,MESSAGE_ID=3727004060951,MESSAGE=Sending message to Redis]"},
{"logger":"com.shvatov.diploma.nosql.producer.RedisMessageProducer","timestamp":"22 Jan 2023;18:01:11.642","message":"[SYSTEM_TIME_NS=3737626507754,MESSAGE_ID=3727004060951,MESSAGE=Successfully sent message to Redis]"},
{"logger":"com.shvatov.diploma.nosql.consumer.RedisMessageConsumer","timestamp":"22 Jan 2023;18:01:11.926","message":"[SYSTEM_TIME_NS=3737910814033,MESSAGE_ID=3727326330589,MESSAGE=Received message in topic [service_out]]"},
{"logger":"com.shvatov.diploma.nosql.consumer.RedisMessageConsumer","timestamp":"22 Jan 2023;18:01:11.734","message":"[SYSTEM_TIME_NS=3737718758847,MESSAGE_ID=3727004060951,MESSAGE=Finished consuming message in topic [service_out]]"},
{"logger":"com.shvatov.diploma.nosql.consumer.RedisMessageConsumer","timestamp":"22 Jan 2023;18:01:12.521","message":"[SYSTEM_TIME_NS=3738505020220,MESSAGE_ID=3731506147965,MESSAGE=Received message in topic [service_out]]"},
{"logger":"com.shvatov.diploma.nosql.consumer.RedisMessageConsumer","timestamp":"22 Jan 2023;18:01:12.520","message":"[SYSTEM_TIME_NS=3738504526778,MESSAGE_ID=3730700208030,MESSAGE=Received message in topic [service_out]]"},
{"logger":"com.shvatov.diploma.nosql.producer.RedisMessageProducer","timestamp":"22 Jan 2023;18:01:12.527","message":"[SYSTEM_TIME_NS=3738511371494,MESSAGE_ID=3731506147965,MESSAGE=Sending message to Redis]"},
{"logger":"com.shvatov.diploma.nosql.consumer.RedisMessageConsumer","timestamp":"22 Jan 2023;18:01:12.521","message":"[SYSTEM_TIME_NS=3738505656354,MESSAGE_ID=3727114426183,MESSAGE=Received message in topic [service_out]]"},
{"logger":"com.shvatov.diploma.nosql.producer.RedisMessageProducer","timestamp":"22 Jan 2023;18:01:12.618","message":"[SYSTEM_TIME_NS=3738602733399,MESSAGE_ID=3730700208030,MESSAGE=Sending message to Redis]"},
{"logger":"com.shvatov.diploma.nosql.producer.RedisMessageProducer","timestamp":"22 Jan 2023;18:01:12.619","message":"[SYSTEM_TIME_NS=3738603568172,MESSAGE_ID=3731506147965,MESSAGE=Successfully sent message to Redis]"},
{"logger":"com.shvatov.diploma.nosql.producer.RedisMessageProducer","timestamp":"22 Jan 2023;18:01:12.620","message":"[SYSTEM_TIME_NS=3738603976588,MESSAGE_ID=3730700208030,MESSAGE=Successfully sent message to Redis]"},
{"logger":"com.shvatov.diploma.nosql.consumer.RedisMessageConsumer","timestamp":"22 Jan 2023;18:01:12.620","message":"[SYSTEM_TIME_NS=3738604366707,MESSAGE_ID=3730700208030,MESSAGE=Finished consuming message in topic [service_out]]"},
{"logger":"com.shvatov.diploma.nosql.producer.RedisMessageProducer","timestamp":"22 Jan 2023;18:01:12.621","message":"[SYSTEM_TIME_NS=3738604973956,MESSAGE_ID=3727114426183,MESSAGE=Sending message to Redis]"},
{"logger":"com.shvatov.diploma.nosql.consumer.RedisMessageConsumer","timestamp":"22 Jan 2023;18:01:12.517","message":"[SYSTEM_TIME_NS=3738501746033,MESSAGE_ID=3731320083751,MESSAGE=Received message in topic [service_out]]"},
{"logger":"com.shvatov.diploma.nosql.consumer.RedisMessageConsumer","timestamp":"22 Jan 2023;18:01:12.621","message":"[SYSTEM_TIME_NS=3738603936954,MESSAGE_ID=3731506147965,MESSAGE=Finished consuming message in topic [service_out]]"},
{"logger":"com.shvatov.diploma.nosql.producer.RedisMessageProducer","timestamp":"22 Jan 2023;18:01:12.622","message":"[SYSTEM_TIME_NS=3738606240998,MESSAGE_ID=3727114426183,MESSAGE=Successfully sent message to Redis]"},
{"logger":"com.shvatov.diploma.nosql.producer.RedisMessageProducer","timestamp":"22 Jan 2023;18:01:12.716","message":"[SYSTEM_TIME_NS=3738700282170,MESSAGE_ID=3731320083751,MESSAGE=Sending message to Redis]"},
{"logger":"com.shvatov.diploma.nosql.consumer.RedisMessageConsumer","timestamp":"22 Jan 2023;18:01:12.716","message":"[SYSTEM_TIME_NS=3738700247665,MESSAGE_ID=3727114426183,MESSAGE=Finished consuming message in topic [service_out]]"},
{"logger":"com.shvatov.diploma.nosql.producer.RedisMessageProducer","timestamp":"22 Jan 2023;18:01:12.717","message":"[SYSTEM_TIME_NS=3738701610062,MESSAGE_ID=3731320083751,MESSAGE=Successfully sent message to Redis]"},
{"logger":"com.shvatov.diploma.nosql.consumer.RedisMessageConsumer","timestamp":"22 Jan 2023;18:01:12.718","message":"[SYSTEM_TIME_NS=3738702297329,MESSAGE_ID=3731320083751,MESSAGE=Finished consuming message in topic [service_out]]"},
{"logger":"com.shvatov.diploma.nosql.producer.RedisMessageProducer","timestamp":"22 Jan 2023;18:01:11.937","message":"[SYSTEM_TIME_NS=3737921781548,MESSAGE_ID=3727326330589,MESSAGE=Sending message to Redis]"},
{"logger":"com.shvatov.diploma.nosql.producer.RedisMessageProducer","timestamp":"22 Jan 2023;18:01:12.847","message":"[SYSTEM_TIME_NS=3738830840651,MESSAGE_ID=3727326330589,MESSAGE=Successfully sent message to Redis]"},
{"logger":"com.shvatov.diploma.nosql.consumer.RedisMessageConsumer","timestamp":"22 Jan 2023;18:01:12.916","message":"[SYSTEM_TIME_NS=3738900269958,MESSAGE_ID=3727326330589,MESSAGE=Finished consuming message in topic [service_out]]"},
{"logger":"com.shvatov.diploma.nosql.consumer.RedisMessageConsumer","timestamp":"22 Jan 2023;18:01:13.041","message":"[SYSTEM_TIME_NS=3739025825388,MESSAGE_ID=3731415487908,MESSAGE=Received message in topic [service_out]]"},
{"logger":"com.shvatov.diploma.nosql.producer.RedisMessageProducer","timestamp":"22 Jan 2023;18:01:13.043","message":"[SYSTEM_TIME_NS=3739026952502,MESSAGE_ID=3731415487908,MESSAGE=Sending message to Redis]"},
{"logger":"com.shvatov.diploma.nosql.consumer.RedisMessageConsumer","timestamp":"22 Jan 2023;18:01:13.119","message":"[SYSTEM_TIME_NS=3739102958303,MESSAGE_ID=3730116209589,MESSAGE=Received message in topic [service_out]]"},
{"logger":"com.shvatov.diploma.nosql.producer.RedisMessageProducer","timestamp":"22 Jan 2023;18:01:13.129","message":"[SYSTEM_TIME_NS=3739113388163,MESSAGE_ID=3730116209589,MESSAGE=Sending message to Redis]"},
{"logger":"com.shvatov.diploma.nosql.producer.RedisMessageProducer","timestamp":"22 Jan 2023;18:01:13.139","message":"[SYSTEM_TIME_NS=3739123363458,MESSAGE_ID=3730116209589,MESSAGE=Successfully sent message to Redis]"},
{"logger":"com.shvatov.diploma.nosql.consumer.RedisMessageConsumer","timestamp":"22 Jan 2023;18:01:13.140","message":"[SYSTEM_TIME_NS=3739124325281,MESSAGE_ID=3730116209589,MESSAGE=Finished consuming message in topic [service_out]]"},
{"logger":"com.shvatov.diploma.nosql.consumer.RedisMessageConsumer","timestamp":"22 Jan 2023;18:01:13.551","message":"[SYSTEM_TIME_NS=3739535709988,MESSAGE_ID=3731120988838,MESSAGE=Received message in topic [service_out]]"},
{"logger":"com.shvatov.diploma.nosql.producer.RedisMessageProducer","timestamp":"22 Jan 2023;18:01:13.632","message":"[SYSTEM_TIME_NS=3739615893052,MESSAGE_ID=3731120988838,MESSAGE=Sending message to Redis]"},
{"logger":"com.shvatov.diploma.nosql.producer.RedisMessageProducer","timestamp":"22 Jan 2023;18:01:13.119","message":"[SYSTEM_TIME_NS=3739103218028,MESSAGE_ID=3731415487908,MESSAGE=Successfully sent message to Redis]"},
{"logger":"com.shvatov.diploma.nosql.producer.RedisMessageProducer","timestamp":"22 Jan 2023;18:01:13.737","message":"[SYSTEM_TIME_NS=3739716764096,MESSAGE_ID=3731120988838,MESSAGE=Successfully sent message to Redis]"},
{"logger":"com.shvatov.diploma.nosql.consumer.RedisMessageConsumer","timestamp":"22 Jan 2023;18:01:13.844","message":"[SYSTEM_TIME_NS=3739828020941,MESSAGE_ID=3731824925816,MESSAGE=Received message in topic [service_out]]"},
{"logger":"com.shvatov.diploma.nosql.producer.RedisMessageProducer","timestamp":"22 Jan 2023;18:01:13.926","message":"[SYSTEM_TIME_NS=3739910360273,MESSAGE_ID=3731824925816,MESSAGE=Sending message to Redis]"},
{"logger":"com.shvatov.diploma.nosql.producer.RedisMessageProducer","timestamp":"22 Jan 2023;18:01:13.950","message":"[SYSTEM_TIME_NS=3739934597338,MESSAGE_ID=3731824925816,MESSAGE=Successfully sent message to Redis]"},
{"logger":"com.shvatov.diploma.nosql.consumer.RedisMessageConsumer","timestamp":"22 Jan 2023;18:01:13.723","message":"[SYSTEM_TIME_NS=3739706966023,MESSAGE_ID=3731415487908,MESSAGE=Finished consuming message in topic [service_out]]"},
{"logger":"com.shvatov.diploma.nosql.consumer.RedisMessageConsumer","timestamp":"22 Jan 2023;18:01:14.036","message":"[SYSTEM_TIME_NS=3740020589619,MESSAGE_ID=3731120988838,MESSAGE=Finished consuming message in topic [service_out]]"},
{"logger":"com.shvatov.diploma.nosql.consumer.RedisMessageConsumer","timestamp":"22 Jan 2023;18:01:14.041","message":"[SYSTEM_TIME_NS=3740025369853,MESSAGE_ID=3731824925816,MESSAGE=Finished consuming message in topic [service_out]]"},
{"logger":"com.shvatov.diploma.nosql.consumer.RedisMessageConsumer","timestamp":"22 Jan 2023;18:01:14.145","message":"[SYSTEM_TIME_NS=3740129015797,MESSAGE_ID=3731704675256,MESSAGE=Received message in topic [service_out]]"},
{"logger":"com.shvatov.diploma.nosql.producer.RedisMessageProducer","timestamp":"22 Jan 2023;18:01:14.150","message":"[SYSTEM_TIME_NS=3740134403570,MESSAGE_ID=3731704675256,MESSAGE=Sending message to Redis]"},
{"logger":"com.shvatov.diploma.nosql.producer.RedisMessageProducer","timestamp":"22 Jan 2023;18:01:14.220","message":"[SYSTEM_TIME_NS=3740204583459,MESSAGE_ID=3731704675256,MESSAGE=Successfully sent message to Redis]"},
{"logger":"com.shvatov.diploma.nosql.consumer.RedisMessageConsumer","timestamp":"22 Jan 2023;18:01:14.226","message":"[SYSTEM_TIME_NS=3740210715620,MESSAGE_ID=3731704675256,MESSAGE=Finished consuming message in topic [service_out]]"},
{"logger":"com.shvatov.diploma.nosql.consumer.RedisMessageConsumer","timestamp":"22 Jan 2023;18:01:11.932","message":"[SYSTEM_TIME_NS=3737916207929,MESSAGE_ID=3728117593218,MESSAGE=Received message in topic [service_out]]"},
{"logger":"com.shvatov.diploma.nosql.producer.RedisMessageProducer","timestamp":"22 Jan 2023;18:01:14.419","message":"[SYSTEM_TIME_NS=3740403461289,MESSAGE_ID=3728117593218,MESSAGE=Sending message to Redis]"},
{"logger":"com.shvatov.diploma.nosql.producer.RedisMessageProducer","timestamp":"22 Jan 2023;18:01:14.748","message":"[SYSTEM_TIME_NS=3740732476961,MESSAGE_ID=3728117593218,MESSAGE=Successfully sent message to Redis]"},
{"logger":"com.shvatov.diploma.nosql.consumer.RedisMessageConsumer","timestamp":"22 Jan 2023;18:01:14.752","message":"[SYSTEM_TIME_NS=3740735993402,MESSAGE_ID=3728117593218,MESSAGE=Finished consuming message in topic [service_out]]"},
{"logger":"com.shvatov.diploma.nosql.consumer.RedisMessageConsumer","timestamp":"22 Jan 2023;18:01:16.617","message":"[SYSTEM_TIME_NS=3742601605928,MESSAGE_ID=3731615995965,MESSAGE=Received message in topic [service_out]]"},
{"logger":"com.shvatov.diploma.nosql.consumer.RedisMessageConsumer","timestamp":"22 Jan 2023;18:01:16.442","message":"[SYSTEM_TIME_NS=3742426751772,MESSAGE_ID=3732207983822,MESSAGE=Received message in topic [service_out]]"},
{"logger":"com.shvatov.diploma.nosql.producer.RedisMessageProducer","timestamp":"22 Jan 2023;18:01:17.032","message":"[SYSTEM_TIME_NS=3743015864911,MESSAGE_ID=3731615995965,MESSAGE=Sending message to Redis]"},
{"logger":"com.shvatov.diploma.nosql.producer.RedisMessageProducer","timestamp":"22 Jan 2023;18:01:17.735","message":"[SYSTEM_TIME_NS=3743719761788,MESSAGE_ID=3731615995965,MESSAGE=Successfully sent message to Redis]"},
{"logger":"com.shvatov.diploma.nosql.consumer.RedisMessageConsumer","timestamp":"22 Jan 2023;18:01:17.736","message":"[SYSTEM_TIME_NS=3743720143865,MESSAGE_ID=3731615995965,MESSAGE=Finished consuming message in topic [service_out]]"},
{"logger":"com.shvatov.diploma.nosql.producer.RedisMessageProducer","timestamp":"22 Jan 2023;18:01:17.727","message":"[SYSTEM_TIME_NS=3743711901566,MESSAGE_ID=3732207983822,MESSAGE=Sending message to Redis]"},
{"logger":"com.shvatov.diploma.nosql.producer.RedisMessageProducer","timestamp":"22 Jan 2023;18:01:17.841","message":"[SYSTEM_TIME_NS=3743825185246,MESSAGE_ID=3732207983822,MESSAGE=Successfully sent message to Redis]"},
{"logger":"com.shvatov.diploma.nosql.consumer.RedisMessageConsumer","timestamp":"22 Jan 2023;18:01:17.916","message":"[SYSTEM_TIME_NS=3743900381653,MESSAGE_ID=3732207983822,MESSAGE=Finished consuming message in topic [service_out]]"},
{"logger":"com.shvatov.diploma.nosql.consumer.RedisMessageConsumer","timestamp":"22 Jan 2023;18:01:18.627","message":"[SYSTEM_TIME_NS=3744611779659,MESSAGE_ID=3731903385080,MESSAGE=Received message in topic [service_out]]"},
{"logger":"com.shvatov.diploma.nosql.producer.RedisMessageProducer","timestamp":"22 Jan 2023;18:01:18.937","message":"[SYSTEM_TIME_NS=3744921668638,MESSAGE_ID=3731903385080,MESSAGE=Sending message to Redis]"},
{"logger":"com.shvatov.diploma.nosql.producer.RedisMessageProducer","timestamp":"22 Jan 2023;18:01:19.149","message":"[SYSTEM_TIME_NS=3745125024485,MESSAGE_ID=3731903385080,MESSAGE=Successfully sent message to Redis]"},
{"logger":"com.shvatov.diploma.nosql.consumer.RedisMessageConsumer","timestamp":"22 Jan 2023;18:01:19.511","message":"[SYSTEM_TIME_NS=3745495937913,MESSAGE_ID=3734111840365,MESSAGE=Received message in topic [service_out]]"},
{"logger":"com.shvatov.diploma.nosql.producer.RedisMessageProducer","timestamp":"22 Jan 2023;18:01:19.512","message":"[SYSTEM_TIME_NS=3745496278417,MESSAGE_ID=3734111840365,MESSAGE=Sending message to Redis]"},
{"logger":"com.shvatov.diploma.nosql.producer.RedisMessageProducer","timestamp":"22 Jan 2023;18:01:19.512","message":"[SYSTEM_TIME_NS=3745496890294,MESSAGE_ID=3734111840365,MESSAGE=Successfully sent message to Redis]"},
{"logger":"com.shvatov.diploma.nosql.consumer.RedisMessageConsumer","timestamp":"22 Jan 2023;18:01:19.513","message":"[SYSTEM_TIME_NS=3745497118608,MESSAGE_ID=3734111840365,MESSAGE=Finished consuming message in topic [service_out]]"},
{"logger":"com.shvatov.diploma.nosql.consumer.RedisMessageConsumer","timestamp":"22 Jan 2023;18:01:19.513","message":"[SYSTEM_TIME_NS=3745497838349,MESSAGE_ID=3731903385080,MESSAGE=Finished consuming message in topic [service_out]]"},
{"logger":"com.shvatov.diploma.nosql.consumer.RedisMessageConsumer","timestamp":"22 Jan 2023;18:01:19.035","message":"[SYSTEM_TIME_NS=3745019737884,MESSAGE_ID=3733404228851,MESSAGE=Received message in topic [service_out]]"},
{"logger":"com.shvatov.diploma.nosql.producer.RedisMessageProducer","timestamp":"22 Jan 2023;18:01:19.538","message":"[SYSTEM_TIME_NS=3745522198196,MESSAGE_ID=3733404228851,MESSAGE=Sending message to Redis]"},
{"logger":"com.shvatov.diploma.nosql.producer.RedisMessageProducer","timestamp":"22 Jan 2023;18:01:19.539","message":"[SYSTEM_TIME_NS=3745523158140,MESSAGE_ID=3733404228851,MESSAGE=Successfully sent message to Redis]"},
{"logger":"com.shvatov.diploma.nosql.consumer.RedisMessageConsumer","timestamp":"22 Jan 2023;18:01:19.539","message":"[SYSTEM_TIME_NS=3745523458411,MESSAGE_ID=3733404228851,MESSAGE=Finished consuming message in topic [service_out]]"},
{"logger":"com.shvatov.diploma.nosql.consumer.RedisMessageConsumer","timestamp":"22 Jan 2023;18:01:19.540","message":"[SYSTEM_TIME_NS=3745524733705,MESSAGE_ID=3734100960453,MESSAGE=Received message in topic [service_out]]"},
{"logger":"com.shvatov.diploma.nosql.producer.RedisMessageProducer","timestamp":"22 Jan 2023;18:01:19.541","message":"[SYSTEM_TIME_NS=3745525193229,MESSAGE_ID=3734100960453,MESSAGE=Sending message to Redis]"},
{"logger":"com.shvatov.diploma.nosql.producer.RedisMessageProducer","timestamp":"22 Jan 2023;18:01:19.542","message":"[SYSTEM_TIME_NS=3745526094586,MESSAGE_ID=3734100960453,MESSAGE=Successfully sent message to Redis]"},
{"logger":"com.shvatov.diploma.nosql.consumer.RedisMessageConsumer","timestamp":"22 Jan 2023;18:01:19.542","message":"[SYSTEM_TIME_NS=3745526436881,MESSAGE_ID=3734100960453,MESSAGE=Finished consuming message in topic [service_out]]"},
{"logger":"com.shvatov.diploma.nosql.consumer.RedisMessageConsumer","timestamp":"22 Jan 2023;18:01:21.440","message":"[SYSTEM_TIME_NS=3747424003790,MESSAGE_ID=3733833478360,MESSAGE=Received message in topic [service_out]]"},
{"logger":"com.shvatov.diploma.nosql.producer.RedisMessageProducer","timestamp":"22 Jan 2023;18:01:21.638","message":"[SYSTEM_TIME_NS=3747622516667,MESSAGE_ID=3733833478360,MESSAGE=Sending message to Redis]"},
{"logger":"com.shvatov.diploma.nosql.producer.RedisMessageProducer","timestamp":"22 Jan 2023;18:01:22.131","message":"[SYSTEM_TIME_NS=3748115039750,MESSAGE_ID=3733833478360,MESSAGE=Successfully sent message to Redis]"},
{"logger":"com.shvatov.diploma.nosql.consumer.RedisMessageConsumer","timestamp":"22 Jan 2023;18:01:22.131","message":"[SYSTEM_TIME_NS=3748115485558,MESSAGE_ID=3733833478360,MESSAGE=Finished consuming message in topic [service_out]]"},
{"logger":"com.shvatov.diploma.nosql.consumer.RedisMessageConsumer","timestamp":"22 Jan 2023;18:01:22.433","message":"[SYSTEM_TIME_NS=3748417560347,MESSAGE_ID=3734202558041,MESSAGE=Received message in topic [service_out]]"},
{"logger":"com.shvatov.diploma.nosql.producer.RedisMessageProducer","timestamp":"22 Jan 2023;18:01:22.516","message":"[SYSTEM_TIME_NS=3748500527354,MESSAGE_ID=3734202558041,MESSAGE=Sending message to Redis]"},
{"logger":"com.shvatov.diploma.nosql.producer.RedisMessageProducer","timestamp":"22 Jan 2023;18:01:22.522","message":"[SYSTEM_TIME_NS=3748505920235,MESSAGE_ID=3734202558041,MESSAGE=Successfully sent message to Redis]"},
{"logger":"com.shvatov.diploma.nosql.consumer.RedisMessageConsumer","timestamp":"22 Jan 2023;18:01:22.525","message":"[SYSTEM_TIME_NS=3748507028318,MESSAGE_ID=3734202558041,MESSAGE=Finished consuming message in topic [service_out]]"},
{"logger":"com.shvatov.diploma.nosql.consumer.RedisMessageConsumer","timestamp":"22 Jan 2023;18:01:23.132","message":"[SYSTEM_TIME_NS=3749114734522,MESSAGE_ID=3734217144101,MESSAGE=Received message in topic [service_out]]"},
{"logger":"com.shvatov.diploma.nosql.producer.RedisMessageProducer","timestamp":"22 Jan 2023;18:01:23.228","message":"[SYSTEM_TIME_NS=3749211404583,MESSAGE_ID=3734217144101,MESSAGE=Sending message to Redis]"},
{"logger":"com.shvatov.diploma.nosql.consumer.RedisMessageConsumer","timestamp":"22 Jan 2023;18:01:21.444","message":"[SYSTEM_TIME_NS=3747428443735,MESSAGE_ID=3733922603826,MESSAGE=Received message in topic [service_out]]"},
{"logger":"com.shvatov.diploma.nosql.producer.RedisMessageProducer","timestamp":"22 Jan 2023;18:01:23.417","message":"[SYSTEM_TIME_NS=3749401118571,MESSAGE_ID=3734217144101,MESSAGE=Successfully sent message to Redis]"},
{"logger":"com.shvatov.diploma.nosql.consumer.RedisMessageConsumer","timestamp":"22 Jan 2023;18:01:24.070","message":"[SYSTEM_TIME_NS=3750054089792,MESSAGE_ID=3734228153840,MESSAGE=Received message in topic [service_out]]"},
{"logger":"com.shvatov.diploma.nosql.producer.RedisMessageProducer","timestamp":"22 Jan 2023;18:01:24.070","message":"[SYSTEM_TIME_NS=3750054912780,MESSAGE_ID=3734228153840,MESSAGE=Sending message to Redis]"},
{"logger":"com.shvatov.diploma.nosql.consumer.RedisMessageConsumer","timestamp":"22 Jan 2023;18:01:24.429","message":"[SYSTEM_TIME_NS=3750413254307,MESSAGE_ID=3734612725054,MESSAGE=Received message in topic [service_out]]"},
{"logger":"com.shvatov.diploma.nosql.producer.RedisMessageProducer","timestamp":"22 Jan 2023;18:01:24.429","message":"[SYSTEM_TIME_NS=3750413725570,MESSAGE_ID=3734612725054,MESSAGE=Sending message to Redis]"},
{"logger":"com.shvatov.diploma.nosql.producer.RedisMessageProducer","timestamp":"22 Jan 2023;18:01:24.430","message":"[SYSTEM_TIME_NS=3750414471314,MESSAGE_ID=3734612725054,MESSAGE=Successfully sent message to Redis]"},
{"logger":"com.shvatov.diploma.nosql.consumer.RedisMessageConsumer","timestamp":"22 Jan 2023;18:01:24.430","message":"[SYSTEM_TIME_NS=3750414883122,MESSAGE_ID=3734612725054,MESSAGE=Finished consuming message in topic [service_out]]"},
{"logger":"com.shvatov.diploma.nosql.consumer.RedisMessageConsumer","timestamp":"22 Jan 2023;18:01:24.433","message":"[SYSTEM_TIME_NS=3750417387819,MESSAGE_ID=3734806066142,MESSAGE=Received message in topic [service_out]]"},
{"logger":"com.shvatov.diploma.nosql.producer.RedisMessageProducer","timestamp":"22 Jan 2023;18:01:24.433","message":"[SYSTEM_TIME_NS=3750417938229,MESSAGE_ID=3734806066142,MESSAGE=Sending message to Redis]"},
{"logger":"com.shvatov.diploma.nosql.producer.RedisMessageProducer","timestamp":"22 Jan 2023;18:01:24.434","message":"[SYSTEM_TIME_NS=3750418854339,MESSAGE_ID=3734806066142,MESSAGE=Successfully sent message to Redis]"},
{"logger":"com.shvatov.diploma.nosql.consumer.RedisMessageConsumer","timestamp":"22 Jan 2023;18:01:24.435","message":"[SYSTEM_TIME_NS=3750419255143,MESSAGE_ID=3734806066142,MESSAGE=Finished consuming message in topic [service_out]]"},
{"logger":"com.shvatov.diploma.nosql.consumer.RedisMessageConsumer","timestamp":"22 Jan 2023;18:01:24.130","message":"[SYSTEM_TIME_NS=3750114458130,MESSAGE_ID=3734217144101,MESSAGE=Finished consuming message in topic [service_out]]"},
{"logger":"com.shvatov.diploma.nosql.producer.RedisMessageProducer","timestamp":"22 Jan 2023;18:01:24.439","message":"[SYSTEM_TIME_NS=3750423284918,MESSAGE_ID=3734228153840,MESSAGE=Successfully sent message to Redis]"},
{"logger":"com.shvatov.diploma.nosql.consumer.RedisMessageConsumer","timestamp":"22 Jan 2023;18:01:24.524","message":"[SYSTEM_TIME_NS=3750508775044,MESSAGE_ID=3734228153840,MESSAGE=Finished consuming message in topic [service_out]]"},
{"logger":"com.shvatov.diploma.nosql.consumer.RedisMessageConsumer","timestamp":"22 Jan 2023;18:01:24.532","message":"[SYSTEM_TIME_NS=3750516466133,MESSAGE_ID=3735305591013,MESSAGE=Received message in topic [service_out]]"},
{"logger":"com.shvatov.diploma.nosql.producer.RedisMessageProducer","timestamp":"22 Jan 2023;18:01:24.533","message":"[SYSTEM_TIME_NS=3750517033209,MESSAGE_ID=3735305591013,MESSAGE=Sending message to Redis]"},
{"logger":"com.shvatov.diploma.nosql.producer.RedisMessageProducer","timestamp":"22 Jan 2023;18:01:24.534","message":"[SYSTEM_TIME_NS=3750518352602,MESSAGE_ID=3735305591013,MESSAGE=Successfully sent message to Redis]"},
{"logger":"com.shvatov.diploma.nosql.consumer.RedisMessageConsumer","timestamp":"22 Jan 2023;18:01:24.534","message":"[SYSTEM_TIME_NS=3750518710656,MESSAGE_ID=3735305591013,MESSAGE=Finished consuming message in topic [service_out]]"},
{"logger":"com.shvatov.diploma.nosql.consumer.RedisMessageConsumer","timestamp":"22 Jan 2023;18:01:24.627","message":"[SYSTEM_TIME_NS=3750611665838,MESSAGE_ID=3735900727195,MESSAGE=Received message in topic [service_out]]"},
{"logger":"com.shvatov.diploma.nosql.producer.RedisMessageProducer","timestamp":"22 Jan 2023;18:01:24.632","message":"[SYSTEM_TIME_NS=3750616301812,MESSAGE_ID=3735900727195,MESSAGE=Sending message to Redis]"},
{"logger":"com.shvatov.diploma.nosql.producer.RedisMessageProducer","timestamp":"22 Jan 2023;18:01:24.633","message":"[SYSTEM_TIME_NS=3750617649186,MESSAGE_ID=3735900727195,MESSAGE=Successfully sent message to Redis]"},
{"logger":"com.shvatov.diploma.nosql.consumer.RedisMessageConsumer","timestamp":"22 Jan 2023;18:01:24.634","message":"[SYSTEM_TIME_NS=3750618659035,MESSAGE_ID=3735900727195,MESSAGE=Finished consuming message in topic [service_out]]"},
{"logger":"com.shvatov.diploma.nosql.consumer.RedisMessageConsumer","timestamp":"22 Jan 2023;18:01:24.643","message":"[SYSTEM_TIME_NS=3750627853183,MESSAGE_ID=3736402024060,MESSAGE=Received message in topic [service_out]]"},
{"logger":"com.shvatov.diploma.nosql.producer.RedisMessageProducer","timestamp":"22 Jan 2023;18:01:24.644","message":"[SYSTEM_TIME_NS=3750628422775,MESSAGE_ID=3736402024060,MESSAGE=Sending message to Redis]"},
{"logger":"com.shvatov.diploma.nosql.consumer.RedisMessageConsumer","timestamp":"22 Jan 2023;18:01:24.645","message":"[SYSTEM_TIME_NS=3750629556925,MESSAGE_ID=3736101333965,MESSAGE=Received message in topic [service_out]]"},
{"logger":"com.shvatov.diploma.nosql.consumer.RedisMessageConsumer","timestamp":"22 Jan 2023;18:01:24.646","message":"[SYSTEM_TIME_NS=3750630382157,MESSAGE_ID=3736304376037,MESSAGE=Received message in topic [service_out]]"},
{"logger":"com.shvatov.diploma.nosql.producer.RedisMessageProducer","timestamp":"22 Jan 2023;18:01:24.646","message":"[SYSTEM_TIME_NS=3750630444623,MESSAGE_ID=3736101333965,MESSAGE=Sending message to Redis]"},
{"logger":"com.shvatov.diploma.nosql.producer.RedisMessageProducer","timestamp":"22 Jan 2023;18:01:24.646","message":"[SYSTEM_TIME_NS=3750630896883,MESSAGE_ID=3736304376037,MESSAGE=Sending message to Redis]"},
{"logger":"com.shvatov.diploma.nosql.producer.RedisMessageProducer","timestamp":"22 Jan 2023;18:01:24.646","message":"[SYSTEM_TIME_NS=3750630066133,MESSAGE_ID=3736402024060,MESSAGE=Successfully sent message to Redis]"},
{"logger":"com.shvatov.diploma.nosql.producer.RedisMessageProducer","timestamp":"22 Jan 2023;18:01:24.647","message":"[SYSTEM_TIME_NS=3750631634020,MESSAGE_ID=3736304376037,MESSAGE=Successfully sent message to Redis]"},
{"logger":"com.shvatov.diploma.nosql.producer.RedisMessageProducer","timestamp":"22 Jan 2023;18:01:24.647","message":"[SYSTEM_TIME_NS=3750631724305,MESSAGE_ID=3736101333965,MESSAGE=Successfully sent message to Redis]"},
{"logger":"com.shvatov.diploma.nosql.consumer.RedisMessageConsumer","timestamp":"22 Jan 2023;18:01:24.647","message":"[SYSTEM_TIME_NS=3750631661402,MESSAGE_ID=3736402024060,MESSAGE=Finished consuming message in topic [service_out]]"},
{"logger":"com.shvatov.diploma.nosql.consumer.RedisMessageConsumer","timestamp":"22 Jan 2023;18:01:24.648","message":"[SYSTEM_TIME_NS=3750632323068,MESSAGE_ID=3736304376037,MESSAGE=Finished consuming message in topic [service_out]]"},
{"logger":"com.shvatov.diploma.nosql.consumer.RedisMessageConsumer","timestamp":"22 Jan 2023;18:01:24.648","message":"[SYSTEM_TIME_NS=3750632716364,MESSAGE_ID=3736101333965,MESSAGE=Finished consuming message in topic [service_out]]"},
{"logger":"com.shvatov.diploma.nosql.consumer.RedisMessageConsumer","timestamp":"22 Jan 2023;18:01:24.738","message":"[SYSTEM_TIME_NS=3750722522249,MESSAGE_ID=3736504401835,MESSAGE=Received message in topic [service_out]]"},
{"logger":"com.shvatov.diploma.nosql.producer.RedisMessageProducer","timestamp":"22 Jan 2023;18:01:24.739","message":"[SYSTEM_TIME_NS=3750723032200,MESSAGE_ID=3736504401835,MESSAGE=Sending message to Redis]"},
{"logger":"com.shvatov.diploma.nosql.consumer.RedisMessageConsumer","timestamp":"22 Jan 2023;18:01:24.738","message":"[SYSTEM_TIME_NS=3750722644552,MESSAGE_ID=3736721001222,MESSAGE=Received message in topic [service_out]]"},
{"logger":"com.shvatov.diploma.nosql.producer.RedisMessageProducer","timestamp":"22 Jan 2023;18:01:24.740","message":"[SYSTEM_TIME_NS=3750723961803,MESSAGE_ID=3736504401835,MESSAGE=Successfully sent message to Redis]"},
{"logger":"com.shvatov.diploma.nosql.consumer.RedisMessageConsumer","timestamp":"22 Jan 2023;18:01:24.740","message":"[SYSTEM_TIME_NS=3750724282652,MESSAGE_ID=3736504401835,MESSAGE=Finished consuming message in topic [service_out]]"},
{"logger":"com.shvatov.diploma.nosql.producer.RedisMessageProducer","timestamp":"22 Jan 2023;18:01:24.740","message":"[SYSTEM_TIME_NS=3750724893107,MESSAGE_ID=3736721001222,MESSAGE=Sending message to Redis]"},
{"logger":"com.shvatov.diploma.nosql.producer.RedisMessageProducer","timestamp":"22 Jan 2023;18:01:24.741","message":"[SYSTEM_TIME_NS=3750725864919,MESSAGE_ID=3736721001222,MESSAGE=Successfully sent message to Redis]"},
{"logger":"com.shvatov.diploma.nosql.consumer.RedisMessageConsumer","timestamp":"22 Jan 2023;18:01:24.742","message":"[SYSTEM_TIME_NS=3750726296553,MESSAGE_ID=3736721001222,MESSAGE=Finished consuming message in topic [service_out]]"},
{"logger":"com.shvatov.diploma.nosql.producer.RedisMessageProducer","timestamp":"22 Jan 2023;18:01:24.124","message":"[SYSTEM_TIME_NS=3750105946772,MESSAGE_ID=3733922603826,MESSAGE=Sending message to Redis]"},
{"logger":"com.shvatov.diploma.nosql.producer.RedisMessageProducer","timestamp":"22 Jan 2023;18:01:24.747","message":"[SYSTEM_TIME_NS=3750731388241,MESSAGE_ID=3733922603826,MESSAGE=Successfully sent message to Redis]"},
{"logger":"com.shvatov.diploma.nosql.consumer.RedisMessageConsumer","timestamp":"22 Jan 2023;18:01:24.916","message":"[SYSTEM_TIME_NS=3750731697605,MESSAGE_ID=3733922603826,MESSAGE=Finished consuming message in topic [service_out]]"},
{"logger":"com.shvatov.diploma.nosql.consumer.RedisMessageConsumer","timestamp":"22 Jan 2023;18:01:25.428","message":"[SYSTEM_TIME_NS=3751412158088,MESSAGE_ID=3735119293386,MESSAGE=Received message in topic [service_out]]"},
{"logger":"com.shvatov.diploma.nosql.producer.RedisMessageProducer","timestamp":"22 Jan 2023;18:01:26.016","message":"[SYSTEM_TIME_NS=3752000515180,MESSAGE_ID=3735119293386,MESSAGE=Sending message to Redis]"},
{"logger":"com.shvatov.diploma.nosql.producer.RedisMessageProducer","timestamp":"22 Jan 2023;18:01:26.025","message":"[SYSTEM_TIME_NS=3752009233363,MESSAGE_ID=3735119293386,MESSAGE=Successfully sent message to Redis]"},
{"logger":"com.shvatov.diploma.nosql.consumer.RedisMessageConsumer","timestamp":"22 Jan 2023;18:01:26.045","message":"[SYSTEM_TIME_NS=3752029562583,MESSAGE_ID=3735119293386,MESSAGE=Finished consuming message in topic [service_out]]"},
{"logger":"com.shvatov.diploma.nosql.consumer.RedisMessageConsumer","timestamp":"22 Jan 2023;18:01:26.842","message":"[SYSTEM_TIME_NS=3752826215709,MESSAGE_ID=3734632698026,MESSAGE=Received message in topic [service_out]]"},
{"logger":"com.shvatov.diploma.nosql.consumer.RedisMessageConsumer","timestamp":"22 Jan 2023;18:01:26.931","message":"[SYSTEM_TIME_NS=3752904703389,MESSAGE_ID=3734520441473,MESSAGE=Received message in topic [service_out]]"},
{"logger":"com.shvatov.diploma.nosql.producer.RedisMessageProducer","timestamp":"22 Jan 2023;18:01:27.021","message":"[SYSTEM_TIME_NS=3753005402598,MESSAGE_ID=3734520441473,MESSAGE=Sending message to Redis]"},
{"logger":"com.shvatov.diploma.nosql.producer.RedisMessageProducer","timestamp":"22 Jan 2023;18:01:26.933","message":"[SYSTEM_TIME_NS=3752917251251,MESSAGE_ID=3734632698026,MESSAGE=Sending message to Redis]"},
{"logger":"com.shvatov.diploma.nosql.producer.RedisMessageProducer","timestamp":"22 Jan 2023;18:01:28.244","message":"[SYSTEM_TIME_NS=3754228387995,MESSAGE_ID=3734520441473,MESSAGE=Successfully sent message to Redis]"},
{"logger":"com.shvatov.diploma.nosql.producer.RedisMessageProducer","timestamp":"22 Jan 2023;18:01:28.321","message":"[SYSTEM_TIME_NS=3754305611546,MESSAGE_ID=3734632698026,MESSAGE=Successfully sent message to Redis]"},
{"logger":"com.shvatov.diploma.nosql.consumer.RedisMessageConsumer","timestamp":"22 Jan 2023;18:01:28.425","message":"[SYSTEM_TIME_NS=3754409648661,MESSAGE_ID=3734632698026,MESSAGE=Finished consuming message in topic [service_out]]"},
{"logger":"com.shvatov.diploma.nosql.consumer.RedisMessageConsumer","timestamp":"22 Jan 2023;18:01:28.330","message":"[SYSTEM_TIME_NS=3754314535082,MESSAGE_ID=3734520441473,MESSAGE=Finished consuming message in topic [service_out]]"},
{"logger":"com.shvatov.diploma.nosql.consumer.RedisMessageConsumer","timestamp":"22 Jan 2023;18:01:28.723","message":"[SYSTEM_TIME_NS=3754707584809,MESSAGE_ID=3739706670995,MESSAGE=Received message in topic [service_out]]"},
{"logger":"com.shvatov.diploma.nosql.consumer.RedisMessageConsumer","timestamp":"22 Jan 2023;18:01:28.927","message":"[SYSTEM_TIME_NS=3754911012574,MESSAGE_ID=3743721723070,MESSAGE=Received message in topic [service_out]]"},
{"logger":"com.shvatov.diploma.nosql.producer.RedisMessageProducer","timestamp":"22 Jan 2023;18:01:28.940","message":"[SYSTEM_TIME_NS=3754923561399,MESSAGE_ID=3739706670995,MESSAGE=Sending message to Redis]"},
{"logger":"com.shvatov.diploma.nosql.producer.RedisMessageProducer","timestamp":"22 Jan 2023;18:01:28.937","message":"[SYSTEM_TIME_NS=3754921855922,MESSAGE_ID=3743721723070,MESSAGE=Sending message to Redis]"},
{"logger":"com.shvatov.diploma.nosql.producer.RedisMessageProducer","timestamp":"22 Jan 2023;18:01:29.050","message":"[SYSTEM_TIME_NS=3755033906682,MESSAGE_ID=3739706670995,MESSAGE=Successfully sent message to Redis]"},
{"logger":"com.shvatov.diploma.nosql.consumer.RedisMessageConsumer","timestamp":"22 Jan 2023;18:01:29.120","message":"[SYSTEM_TIME_NS=3755104631402,MESSAGE_ID=3739706670995,MESSAGE=Finished consuming message in topic [service_out]]"},
{"logger":"com.shvatov.diploma.nosql.consumer.RedisMessageConsumer","timestamp":"22 Jan 2023;18:01:29.850","message":"[SYSTEM_TIME_NS=3755834242611,MESSAGE_ID=3744125594683,MESSAGE=Received message in topic [service_out]]"},
{"logger":"com.shvatov.diploma.nosql.producer.RedisMessageProducer","timestamp":"22 Jan 2023;18:01:29.941","message":"[SYSTEM_TIME_NS=3755925258435,MESSAGE_ID=3744125594683,MESSAGE=Sending message to Redis]"},
{"logger":"com.shvatov.diploma.nosql.producer.RedisMessageProducer","timestamp":"22 Jan 2023;18:01:29.936","message":"[SYSTEM_TIME_NS=3755918981176,MESSAGE_ID=3743721723070,MESSAGE=Successfully sent message to Redis]"},
{"logger":"com.shvatov.diploma.nosql.consumer.RedisMessageConsumer","timestamp":"22 Jan 2023;18:01:29.951","message":"[SYSTEM_TIME_NS=3755935531956,MESSAGE_ID=3743721723070,MESSAGE=Finished consuming message in topic [service_out]]"},
{"logger":"com.shvatov.diploma.nosql.producer.RedisMessageProducer","timestamp":"22 Jan 2023;18:01:29.942","message":"[SYSTEM_TIME_NS=3755926753513,MESSAGE_ID=3744125594683,MESSAGE=Successfully sent message to Redis]"},
{"logger":"com.shvatov.diploma.nosql.consumer.RedisMessageConsumer","timestamp":"22 Jan 2023;18:01:30.034","message":"[SYSTEM_TIME_NS=3756018062690,MESSAGE_ID=3744125594683,MESSAGE=Finished consuming message in topic [service_out]]"},
{"logger":"com.shvatov.diploma.nosql.consumer.RedisMessageConsumer","timestamp":"22 Jan 2023;18:01:30.422","message":"[SYSTEM_TIME_NS=3756406579430,MESSAGE_ID=3744316348647,MESSAGE=Received message in topic [service_out]]"},
{"logger":"com.shvatov.diploma.nosql.producer.RedisMessageProducer","timestamp":"22 Jan 2023;18:01:30.423","message":"[SYSTEM_TIME_NS=3756407170403,MESSAGE_ID=3744316348647,MESSAGE=Sending message to Redis]"},
{"logger":"com.shvatov.diploma.nosql.producer.RedisMessageProducer","timestamp":"22 Jan 2023;18:01:30.425","message":"[SYSTEM_TIME_NS=3756409758392,MESSAGE_ID=3744316348647,MESSAGE=Successfully sent message to Redis]"},
{"logger":"com.shvatov.diploma.nosql.consumer.RedisMessageConsumer","timestamp":"22 Jan 2023;18:01:30.426","message":"[SYSTEM_TIME_NS=3756410133382,MESSAGE_ID=3744316348647,MESSAGE=Finished consuming message in topic [service_out]]"},
{"logger":"com.shvatov.diploma.nosql.consumer.RedisMessageConsumer","timestamp":"22 Jan 2023;18:01:31.817","message":"[SYSTEM_TIME_NS=3757801042772,MESSAGE_ID=3744416026127,MESSAGE=Received message in topic [service_out]]"},
{"logger":"com.shvatov.diploma.nosql.producer.RedisMessageProducer","timestamp":"22 Jan 2023;18:01:31.825","message":"[SYSTEM_TIME_NS=3757809830857,MESSAGE_ID=3744416026127,MESSAGE=Sending message to Redis]"},
{"logger":"com.shvatov.diploma.nosql.producer.RedisMessageProducer","timestamp":"22 Jan 2023;18:01:31.827","message":"[SYSTEM_TIME_NS=3757811439554,MESSAGE_ID=3744416026127,MESSAGE=Successfully sent message to Redis]"},
{"logger":"com.shvatov.diploma.nosql.consumer.RedisMessageConsumer","timestamp":"22 Jan 2023;18:01:31.837","message":"[SYSTEM_TIME_NS=3757821745024,MESSAGE_ID=3744416026127,MESSAGE=Finished consuming message in topic [service_out]]"},
{"logger":"com.shvatov.diploma.nosql.consumer.RedisMessageConsumer","timestamp":"22 Jan 2023;18:01:31.727","message":"[SYSTEM_TIME_NS=3757711377762,MESSAGE_ID=3745022634263,MESSAGE=Received message in topic [service_out]]"},
{"logger":"com.shvatov.diploma.nosql.producer.RedisMessageProducer","timestamp":"22 Jan 2023;18:01:31.838","message":"[SYSTEM_TIME_NS=3757822899702,MESSAGE_ID=3745022634263,MESSAGE=Sending message to Redis]"},
{"logger":"com.shvatov.diploma.nosql.producer.RedisMessageProducer","timestamp":"22 Jan 2023;18:01:31.840","message":"[SYSTEM_TIME_NS=3757824321665,MESSAGE_ID=3745022634263,MESSAGE=Successfully sent message to Redis]"},
{"logger":"com.shvatov.diploma.nosql.consumer.RedisMessageConsumer","timestamp":"22 Jan 2023;18:01:31.841","message":"[SYSTEM_TIME_NS=3757824897632,MESSAGE_ID=3745022634263,MESSAGE=Finished consuming message in topic [service_out]]"},
{"logger":"com.shvatov.diploma.nosql.consumer.RedisMessageConsumer","timestamp":"22 Jan 2023;18:01:31.844","message":"[SYSTEM_TIME_NS=3757828226538,MESSAGE_ID=3745217178910,MESSAGE=Received message in topic [service_out]]"},
{"logger":"com.shvatov.diploma.nosql.producer.RedisMessageProducer","timestamp":"22 Jan 2023;18:01:31.845","message":"[SYSTEM_TIME_NS=3757828986164,MESSAGE_ID=3745217178910,MESSAGE=Sending message to Redis]"},
{"logger":"com.shvatov.diploma.nosql.consumer.RedisMessageConsumer","timestamp":"22 Jan 2023;18:01:31.932","message":"[SYSTEM_TIME_NS=3757916404448,MESSAGE_ID=3745302878795,MESSAGE=Received message in topic [service_out]]"},
{"logger":"com.shvatov.diploma.nosql.producer.RedisMessageProducer","timestamp":"22 Jan 2023;18:01:31.936","message":"[SYSTEM_TIME_NS=3757920634357,MESSAGE_ID=3745302878795,MESSAGE=Sending message to Redis]"},
{"logger":"com.shvatov.diploma.nosql.producer.RedisMessageProducer","timestamp":"22 Jan 2023;18:01:31.949","message":"[SYSTEM_TIME_NS=3757933113742,MESSAGE_ID=3745302878795,MESSAGE=Successfully sent message to Redis]"},
{"logger":"com.shvatov.diploma.nosql.consumer.RedisMessageConsumer","timestamp":"22 Jan 2023;18:01:31.950","message":"[SYSTEM_TIME_NS=3757934274439,MESSAGE_ID=3745302878795,MESSAGE=Finished consuming message in topic [service_out]]"},
{"logger":"com.shvatov.diploma.nosql.consumer.RedisMessageConsumer","timestamp":"22 Jan 2023;18:01:31.943","message":"[SYSTEM_TIME_NS=3757927140192,MESSAGE_ID=3745403331310,MESSAGE=Received message in topic [service_out]]"},
{"logger":"com.shvatov.diploma.nosql.producer.RedisMessageProducer","timestamp":"22 Jan 2023;18:01:32.017","message":"[SYSTEM_TIME_NS=3758000932819,MESSAGE_ID=3745403331310,MESSAGE=Sending message to Redis]"},
{"logger":"com.shvatov.diploma.nosql.producer.RedisMessageProducer","timestamp":"22 Jan 2023;18:01:32.020","message":"[SYSTEM_TIME_NS=3758004433039,MESSAGE_ID=3745403331310,MESSAGE=Successfully sent message to Redis]"},
{"logger":"com.shvatov.diploma.nosql.consumer.RedisMessageConsumer","timestamp":"22 Jan 2023;18:01:32.021","message":"[SYSTEM_TIME_NS=3758005617613,MESSAGE_ID=3745403331310,MESSAGE=Finished consuming message in topic [service_out]]"},
{"logger":"com.shvatov.diploma.nosql.producer.RedisMessageProducer","timestamp":"22 Jan 2023;18:01:31.928","message":"[SYSTEM_TIME_NS=3757912057319,MESSAGE_ID=3745217178910,MESSAGE=Successfully sent message to Redis]"},
{"logger":"com.shvatov.diploma.nosql.consumer.RedisMessageConsumer","timestamp":"22 Jan 2023;18:01:32.040","message":"[SYSTEM_TIME_NS=3758024221520,MESSAGE_ID=3746577473202,MESSAGE=Received message in topic [service_out]]"},
{"logger":"com.shvatov.diploma.nosql.consumer.RedisMessageConsumer","timestamp":"22 Jan 2023;18:01:32.116","message":"[SYSTEM_TIME_NS=3758100087761,MESSAGE_ID=3745217178910,MESSAGE=Finished consuming message in topic [service_out]]"},
{"logger":"com.shvatov.diploma.nosql.producer.RedisMessageProducer","timestamp":"22 Jan 2023;18:01:32.116","message":"[SYSTEM_TIME_NS=3758100403109,MESSAGE_ID=3746577473202,MESSAGE=Sending message to Redis]"},
{"logger":"com.shvatov.diploma.nosql.producer.RedisMessageProducer","timestamp":"22 Jan 2023;18:01:32.117","message":"[SYSTEM_TIME_NS=3758101275332,MESSAGE_ID=3746577473202,MESSAGE=Successfully sent message to Redis]"},
{"logger":"com.shvatov.diploma.nosql.consumer.RedisMessageConsumer","timestamp":"22 Jan 2023;18:01:32.117","message":"[SYSTEM_TIME_NS=3758101613118,MESSAGE_ID=3746577473202,MESSAGE=Finished consuming message in topic [service_out]]"},
{"logger":"com.shvatov.diploma.nosql.consumer.RedisMessageConsumer","timestamp":"22 Jan 2023;18:01:32.717","message":"[SYSTEM_TIME_NS=3758701712139,MESSAGE_ID=3745606938555,MESSAGE=Received message in topic [service_out]]"},
{"logger":"com.shvatov.diploma.nosql.consumer.RedisMessageConsumer","timestamp":"22 Jan 2023;18:01:34.004","message":"[SYSTEM_TIME_NS=3759988389145,MESSAGE_ID=3746703815997,MESSAGE=Received message in topic [service_out]]"},
{"logger":"com.shvatov.diploma.nosql.producer.RedisMessageProducer","timestamp":"22 Jan 2023;18:01:34.004","message":"[SYSTEM_TIME_NS=3759988752114,MESSAGE_ID=3746703815997,MESSAGE=Sending message to Redis]"},
{"logger":"com.shvatov.diploma.nosql.producer.RedisMessageProducer","timestamp":"22 Jan 2023;18:01:34.016","message":"[SYSTEM_TIME_NS=3760000250736,MESSAGE_ID=3746703815997,MESSAGE=Successfully sent message to Redis]"},
{"logger":"com.shvatov.diploma.nosql.consumer.RedisMessageConsumer","timestamp":"22 Jan 2023;18:01:34.016","message":"[SYSTEM_TIME_NS=3760000539273,MESSAGE_ID=3746703815997,MESSAGE=Finished consuming message in topic [service_out]]"},
{"logger":"com.shvatov.diploma.nosql.consumer.RedisMessageConsumer","timestamp":"22 Jan 2023;18:01:31.444","message":"[SYSTEM_TIME_NS=3757428908470,MESSAGE_ID=3743909174090,MESSAGE=Received message in topic [service_out]]"},
{"logger":"com.shvatov.diploma.nosql.producer.RedisMessageProducer","timestamp":"22 Jan 2023;18:01:34.017","message":"[SYSTEM_TIME_NS=3760001762625,MESSAGE_ID=3743909174090,MESSAGE=Sending message to Redis]"},
{"logger":"com.shvatov.diploma.nosql.consumer.RedisMessageConsumer","timestamp":"22 Jan 2023;18:01:34.018","message":"[SYSTEM_TIME_NS=3760002683050,MESSAGE_ID=3746813909809,MESSAGE=Received message in topic [service_out]]"},
{"logger":"com.shvatov.diploma.nosql.producer.RedisMessageProducer","timestamp":"22 Jan 2023;18:01:34.019","message":"[SYSTEM_TIME_NS=3760003048290,MESSAGE_ID=3746813909809,MESSAGE=Sending message to Redis]"},
{"logger":"com.shvatov.diploma.nosql.producer.RedisMessageProducer","timestamp":"22 Jan 2023;18:01:34.029","message":"[SYSTEM_TIME_NS=3760013406148,MESSAGE_ID=3743909174090,MESSAGE=Successfully sent message to Redis]"},
{"logger":"com.shvatov.diploma.nosql.producer.RedisMessageProducer","timestamp":"22 Jan 2023;18:01:32.743","message":"[SYSTEM_TIME_NS=3758727206171,MESSAGE_ID=3745606938555,MESSAGE=Sending message to Redis]"},
{"logger":"com.shvatov.diploma.nosql.consumer.RedisMessageConsumer","timestamp":"22 Jan 2023;18:01:34.030","message":"[SYSTEM_TIME_NS=3760014330871,MESSAGE_ID=3743909174090,MESSAGE=Finished consuming message in topic [service_out]]"},
{"logger":"com.shvatov.diploma.nosql.producer.RedisMessageProducer","timestamp":"22 Jan 2023;18:01:34.029","message":"[SYSTEM_TIME_NS=3760013059566,MESSAGE_ID=3746813909809,MESSAGE=Successfully sent message to Redis]"},
{"logger":"com.shvatov.diploma.nosql.consumer.RedisMessageConsumer","timestamp":"22 Jan 2023;18:01:34.316","message":"[SYSTEM_TIME_NS=3760300175319,MESSAGE_ID=3746813909809,MESSAGE=Finished consuming message in topic [service_out]]"},
{"logger":"com.shvatov.diploma.nosql.producer.RedisMessageProducer","timestamp":"22 Jan 2023;18:01:34.531","message":"[SYSTEM_TIME_NS=3760515798587,MESSAGE_ID=3745606938555,MESSAGE=Successfully sent message to Redis]"},
{"logger":"com.shvatov.diploma.nosql.consumer.RedisMessageConsumer","timestamp":"22 Jan 2023;18:01:34.639","message":"[SYSTEM_TIME_NS=3760622694336,MESSAGE_ID=3745606938555,MESSAGE=Finished consuming message in topic [service_out]]"},
{"logger":"com.shvatov.diploma.nosql.consumer.RedisMessageConsumer","timestamp":"22 Jan 2023;18:01:36.847","message":"[SYSTEM_TIME_NS=3762830973913,MESSAGE_ID=3747026530039,MESSAGE=Received message in topic [service_out]]"},
{"logger":"com.shvatov.diploma.nosql.consumer.RedisMessageConsumer","timestamp":"22 Jan 2023;18:01:36.938","message":"[SYSTEM_TIME_NS=3762922116222,MESSAGE_ID=3747522141168,MESSAGE=Received message in topic [service_out]]"},
{"logger":"com.shvatov.diploma.nosql.producer.RedisMessageProducer","timestamp":"22 Jan 2023;18:01:36.939","message":"[SYSTEM_TIME_NS=3762923132707,MESSAGE_ID=3747026530039,MESSAGE=Sending message to Redis]"},
{"logger":"com.shvatov.diploma.nosql.producer.RedisMessageProducer","timestamp":"22 Jan 2023;18:01:36.942","message":"[SYSTEM_TIME_NS=3762926819039,MESSAGE_ID=3747026530039,MESSAGE=Successfully sent message to Redis]"},
{"logger":"com.shvatov.diploma.nosql.consumer.RedisMessageConsumer","timestamp":"22 Jan 2023;18:01:36.943","message":"[SYSTEM_TIME_NS=3762927283222,MESSAGE_ID=3747026530039,MESSAGE=Finished consuming message in topic [service_out]]"},
{"logger":"com.shvatov.diploma.nosql.consumer.RedisMessageConsumer","timestamp":"22 Jan 2023;18:01:36.934","message":"[SYSTEM_TIME_NS=3762918140168,MESSAGE_ID=3746909778715,MESSAGE=Received message in topic [service_out]]"},
{"logger":"com.shvatov.diploma.nosql.consumer.RedisMessageConsumer","timestamp":"22 Jan 2023;18:01:37.493","message":"[SYSTEM_TIME_NS=3763477209091,MESSAGE_ID=3755335887803,MESSAGE=Received message in topic [service_out]]"},
{"logger":"com.shvatov.diploma.nosql.producer.RedisMessageProducer","timestamp":"22 Jan 2023;18:01:36.941","message":"[SYSTEM_TIME_NS=3762925784572,MESSAGE_ID=3747522141168,MESSAGE=Sending message to Redis]"},
{"logger":"com.shvatov.diploma.nosql.producer.RedisMessageProducer","timestamp":"22 Jan 2023;18:01:37.716","message":"[SYSTEM_TIME_NS=3763700542098,MESSAGE_ID=3755335887803,MESSAGE=Sending message to Redis]"},
{"logger":"com.shvatov.diploma.nosql.producer.RedisMessageProducer","timestamp":"22 Jan 2023;18:01:37.718","message":"[SYSTEM_TIME_NS=3763702185003,MESSAGE_ID=3755335887803,MESSAGE=Successfully sent message to Redis]"},
{"logger":"com.shvatov.diploma.nosql.consumer.RedisMessageConsumer","timestamp":"22 Jan 2023;18:01:37.719","message":"[SYSTEM_TIME_NS=3763703177003,MESSAGE_ID=3755335887803,MESSAGE=Finished consuming message in topic [service_out]]"},
{"logger":"com.shvatov.diploma.nosql.consumer.RedisMessageConsumer","timestamp":"22 Jan 2023;18:01:37.720","message":"[SYSTEM_TIME_NS=3763704587465,MESSAGE_ID=3755609131916,MESSAGE=Received message in topic [service_out]]"},
{"logger":"com.shvatov.diploma.nosql.producer.RedisMessageProducer","timestamp":"22 Jan 2023;18:01:37.723","message":"[SYSTEM_TIME_NS=3763707531357,MESSAGE_ID=3755609131916,MESSAGE=Sending message to Redis]"},
{"logger":"com.shvatov.diploma.nosql.producer.RedisMessageProducer","timestamp":"22 Jan 2023;18:01:37.730","message":"[SYSTEM_TIME_NS=3763714704139,MESSAGE_ID=3747522141168,MESSAGE=Successfully sent message to Redis]"},
{"logger":"com.shvatov.diploma.nosql.consumer.RedisMessageConsumer","timestamp":"22 Jan 2023;18:01:37.731","message":"[SYSTEM_TIME_NS=3763715208364,MESSAGE_ID=3747522141168,MESSAGE=Finished consuming message in topic [service_out]]"},
{"logger":"com.shvatov.diploma.nosql.producer.RedisMessageProducer","timestamp":"22 Jan 2023;18:01:37.753","message":"[SYSTEM_TIME_NS=3763737778690,MESSAGE_ID=3755609131916,MESSAGE=Successfully sent message to Redis]"},
{"logger":"com.shvatov.diploma.nosql.consumer.RedisMessageConsumer","timestamp":"22 Jan 2023;18:01:37.820","message":"[SYSTEM_TIME_NS=3763804344620,MESSAGE_ID=3755609131916,MESSAGE=Finished consuming message in topic [service_out]]"},
{"logger":"com.shvatov.diploma.nosql.producer.RedisMessageProducer","timestamp":"22 Jan 2023;18:01:36.946","message":"[SYSTEM_TIME_NS=3762930582563,MESSAGE_ID=3746909778715,MESSAGE=Sending message to Redis]"},
{"logger":"com.shvatov.diploma.nosql.producer.RedisMessageProducer","timestamp":"22 Jan 2023;18:01:38.540","message":"[SYSTEM_TIME_NS=3764524141826,MESSAGE_ID=3746909778715,MESSAGE=Successfully sent message to Redis]"},
{"logger":"com.shvatov.diploma.nosql.consumer.RedisMessageConsumer","timestamp":"22 Jan 2023;18:01:38.616","message":"[SYSTEM_TIME_NS=3764600385147,MESSAGE_ID=3746909778715,MESSAGE=Finished consuming message in topic [service_out]]"},
{"logger":"com.shvatov.diploma.nosql.consumer.RedisMessageConsumer","timestamp":"22 Jan 2023;18:01:39.425","message":"[SYSTEM_TIME_NS=3765408862815,MESSAGE_ID=3749205498589,MESSAGE=Received message in topic [service_out]]"},
{"logger":"com.shvatov.diploma.nosql.producer.RedisMessageProducer","timestamp":"22 Jan 2023;18:01:39.436","message":"[SYSTEM_TIME_NS=3765420284962,MESSAGE_ID=3749205498589,MESSAGE=Sending message to Redis]"},
{"logger":"com.shvatov.diploma.nosql.consumer.RedisMessageConsumer","timestamp":"22 Jan 2023;18:01:39.650","message":"[SYSTEM_TIME_NS=3765634538807,MESSAGE_ID=3747028952329,MESSAGE=Received message in topic [service_out]]"},
{"logger":"com.shvatov.diploma.nosql.producer.RedisMessageProducer","timestamp":"22 Jan 2023;18:01:40.065","message":"[SYSTEM_TIME_NS=3766049006971,MESSAGE_ID=3747028952329,MESSAGE=Sending message to Redis]"},
{"logger":"com.shvatov.diploma.nosql.consumer.RedisMessageConsumer","timestamp":"22 Jan 2023;18:01:40.065","message":"[SYSTEM_TIME_NS=3766049263723,MESSAGE_ID=3747115348829,MESSAGE=Received message in topic [service_out]]"},
{"logger":"com.shvatov.diploma.nosql.producer.RedisMessageProducer","timestamp":"22 Jan 2023;18:01:40.065","message":"[SYSTEM_TIME_NS=3766049560969,MESSAGE_ID=3747115348829,MESSAGE=Sending message to Redis]"},
{"logger":"com.shvatov.diploma.nosql.producer.RedisMessageProducer","timestamp":"22 Jan 2023;18:01:40.066","message":"[SYSTEM_TIME_NS=3766050126395,MESSAGE_ID=3747028952329,MESSAGE=Successfully sent message to Redis]"},
{"logger":"com.shvatov.diploma.nosql.consumer.RedisMessageConsumer","timestamp":"22 Jan 2023;18:01:40.066","message":"[SYSTEM_TIME_NS=3766050424931,MESSAGE_ID=3747028952329,MESSAGE=Finished consuming message in topic [service_out]]"},
{"logger":"com.shvatov.diploma.nosql.producer.RedisMessageProducer","timestamp":"22 Jan 2023;18:01:40.067","message":"[SYSTEM_TIME_NS=3766050973461,MESSAGE_ID=3747115348829,MESSAGE=Successfully sent message to Redis]"},
{"logger":"com.shvatov.diploma.nosql.consumer.RedisMessageConsumer","timestamp":"22 Jan 2023;18:01:40.067","message":"[SYSTEM_TIME_NS=3766051280841,MESSAGE_ID=3747115348829,MESSAGE=Finished consuming message in topic [service_out]]"},
{"logger":"com.shvatov.diploma.nosql.consumer.RedisMessageConsumer","timestamp":"22 Jan 2023;18:01:40.121","message":"[SYSTEM_TIME_NS=3766105000921,MESSAGE_ID=3747310228914,MESSAGE=Received message in topic [service_out]]"},
{"logger":"com.shvatov.diploma.nosql.producer.RedisMessageProducer","timestamp":"22 Jan 2023;18:01:40.121","message":"[SYSTEM_TIME_NS=3766105687595,MESSAGE_ID=3747310228914,MESSAGE=Sending message to Redis]"},
{"logger":"com.shvatov.diploma.nosql.producer.RedisMessageProducer","timestamp":"22 Jan 2023;18:01:40.122","message":"[SYSTEM_TIME_NS=3766106854001,MESSAGE_ID=3747310228914,MESSAGE=Successfully sent message to Redis]"},
{"logger":"com.shvatov.diploma.nosql.consumer.RedisMessageConsumer","timestamp":"22 Jan 2023;18:01:40.123","message":"[SYSTEM_TIME_NS=3766107236855,MESSAGE_ID=3747310228914,MESSAGE=Finished consuming message in topic [service_out]]"},
{"logger":"com.shvatov.diploma.nosql.producer.RedisMessageProducer","timestamp":"22 Jan 2023;18:01:40.229","message":"[SYSTEM_TIME_NS=3766213111864,MESSAGE_ID=3749205498589,MESSAGE=Successfully sent message to Redis]"},
{"logger":"com.shvatov.diploma.nosql.consumer.RedisMessageConsumer","timestamp":"22 Jan 2023;18:01:40.230","message":"[SYSTEM_TIME_NS=3766214200118,MESSAGE_ID=3749205498589,MESSAGE=Finished consuming message in topic [service_out]]"},
{"logger":"com.shvatov.diploma.nosql.consumer.RedisMessageConsumer","timestamp":"22 Jan 2023;18:01:41.529","message":"[SYSTEM_TIME_NS=3767513225098,MESSAGE_ID=3755506525327,MESSAGE=Received message in topic [service_out]]"},
{"logger":"com.shvatov.diploma.nosql.producer.RedisMessageProducer","timestamp":"22 Jan 2023;18:01:42.722","message":"[SYSTEM_TIME_NS=3768706178492,MESSAGE_ID=3755506525327,MESSAGE=Sending message to Redis]"},
{"logger":"com.shvatov.diploma.nosql.producer.RedisMessageProducer","timestamp":"22 Jan 2023;18:01:42.739","message":"[SYSTEM_TIME_NS=3768723149778,MESSAGE_ID=3755506525327,MESSAGE=Successfully sent message to Redis]"},
{"logger":"com.shvatov.diploma.nosql.consumer.RedisMessageConsumer","timestamp":"22 Jan 2023;18:01:42.817","message":"[SYSTEM_TIME_NS=3768801362257,MESSAGE_ID=3755506525327,MESSAGE=Finished consuming message in topic [service_out]]"},
{"logger":"com.shvatov.diploma.nosql.consumer.RedisMessageConsumer","timestamp":"22 Jan 2023;18:01:45.422","message":"[SYSTEM_TIME_NS=3771406511266,MESSAGE_ID=3756015285322,MESSAGE=Received message in topic [service_out]]"},
{"logger":"com.shvatov.diploma.nosql.producer.RedisMessageProducer","timestamp":"22 Jan 2023;18:01:45.437","message":"[SYSTEM_TIME_NS=3771421662671,MESSAGE_ID=3756015285322,MESSAGE=Sending message to Redis]"},
{"logger":"com.shvatov.diploma.nosql.consumer.RedisMessageConsumer","timestamp":"22 Jan 2023;18:01:45.536","message":"[SYSTEM_TIME_NS=3771520415642,MESSAGE_ID=3755915846187,MESSAGE=Received message in topic [service_out]]"},
{"logger":"com.shvatov.diploma.nosql.producer.RedisMessageProducer","timestamp":"22 Jan 2023;18:01:45.726","message":"[SYSTEM_TIME_NS=3771710174677,MESSAGE_ID=3756015285322,MESSAGE=Successfully sent message to Redis]"},
{"logger":"com.shvatov.diploma.nosql.producer.RedisMessageProducer","timestamp":"22 Jan 2023;18:01:45.716","message":"[SYSTEM_TIME_NS=3771629579284,MESSAGE_ID=3755915846187,MESSAGE=Sending message to Redis]"},
{"logger":"com.shvatov.diploma.nosql.producer.RedisMessageProducer","timestamp":"22 Jan 2023;18:01:45.818","message":"[SYSTEM_TIME_NS=3771802398219,MESSAGE_ID=3755915846187,MESSAGE=Successfully sent message to Redis]"},
{"logger":"com.shvatov.diploma.nosql.consumer.RedisMessageConsumer","timestamp":"22 Jan 2023;18:01:46.532","message":"[SYSTEM_TIME_NS=3772516205393,MESSAGE_ID=3756015285322,MESSAGE=Finished consuming message in topic [service_out]]"},
{"logger":"com.shvatov.diploma.nosql.consumer.RedisMessageConsumer","timestamp":"22 Jan 2023;18:01:46.536","message":"[SYSTEM_TIME_NS=3772520700976,MESSAGE_ID=3755915846187,MESSAGE=Finished consuming message in topic [service_out]]"},
{"logger":"com.shvatov.diploma.nosql.consumer.RedisMessageConsumer","timestamp":"22 Jan 2023;18:01:46.539","message":"[SYSTEM_TIME_NS=3772523770125,MESSAGE_ID=3756609524195,MESSAGE=Received message in topic [service_out]]"},
{"logger":"com.shvatov.diploma.nosql.producer.RedisMessageProducer","timestamp":"22 Jan 2023;18:01:46.726","message":"[SYSTEM_TIME_NS=3772709869594,MESSAGE_ID=3756609524195,MESSAGE=Sending message to Redis]"},
{"logger":"com.shvatov.diploma.nosql.consumer.RedisMessageConsumer","timestamp":"22 Jan 2023;18:01:46.617","message":"[SYSTEM_TIME_NS=3772600917242,MESSAGE_ID=3755806827201,MESSAGE=Received message in topic [service_out]]"},
{"logger":"com.shvatov.diploma.nosql.producer.RedisMessageProducer","timestamp":"22 Jan 2023;18:01:46.816","message":"[SYSTEM_TIME_NS=3772800639627,MESSAGE_ID=3755806827201,MESSAGE=Sending message to Redis]"},
{"logger":"com.shvatov.diploma.nosql.producer.RedisMessageProducer","timestamp":"22 Jan 2023;18:01:46.816","message":"[SYSTEM_TIME_NS=3772800801455,MESSAGE_ID=3756609524195,MESSAGE=Successfully sent message to Redis]"},
{"logger":"com.shvatov.diploma.nosql.consumer.RedisMessageConsumer","timestamp":"22 Jan 2023;18:01:46.817","message":"[SYSTEM_TIME_NS=3772801025988,MESSAGE_ID=3756609524195,MESSAGE=Finished consuming message in topic [service_out]]"},
{"logger":"com.shvatov.diploma.nosql.producer.RedisMessageProducer","timestamp":"22 Jan 2023;18:01:46.818","message":"[SYSTEM_TIME_NS=3772802761132,MESSAGE_ID=3755806827201,MESSAGE=Successfully sent message to Redis]"},
{"logger":"com.shvatov.diploma.nosql.consumer.RedisMessageConsumer","timestamp":"22 Jan 2023;18:01:46.819","message":"[SYSTEM_TIME_NS=3772803410523,MESSAGE_ID=3755806827201,MESSAGE=Finished consuming message in topic [service_out]]"},
{"logger":"com.shvatov.diploma.nosql.consumer.RedisMessageConsumer","timestamp":"22 Jan 2023;18:01:47.624","message":"[SYSTEM_TIME_NS=3773608365510,MESSAGE_ID=3760509064835,MESSAGE=Received message in topic [service_out]]"},
{"logger":"com.shvatov.diploma.nosql.producer.RedisMessageProducer","timestamp":"22 Jan 2023;18:01:47.923","message":"[SYSTEM_TIME_NS=3773907161284,MESSAGE_ID=3760509064835,MESSAGE=Sending message to Redis]"},
{"logger":"com.shvatov.diploma.nosql.producer.RedisMessageProducer","timestamp":"22 Jan 2023;18:01:47.933","message":"[SYSTEM_TIME_NS=3773917683247,MESSAGE_ID=3760509064835,MESSAGE=Successfully sent message to Redis]"},
{"logger":"com.shvatov.diploma.nosql.consumer.RedisMessageConsumer","timestamp":"22 Jan 2023;18:01:48.016","message":"[SYSTEM_TIME_NS=3774000118885,MESSAGE_ID=3760509064835,MESSAGE=Finished consuming message in topic [service_out]]"},
{"logger":"com.shvatov.diploma.nosql.consumer.RedisMessageConsumer","timestamp":"22 Jan 2023;18:01:48.616","message":"[SYSTEM_TIME_NS=3774600599766,MESSAGE_ID=3760623265566,MESSAGE=Received message in topic [service_out]]"},
{"logger":"com.shvatov.diploma.nosql.producer.RedisMessageProducer","timestamp":"22 Jan 2023;18:01:48.817","message":"[SYSTEM_TIME_NS=3774801302025,MESSAGE_ID=3760623265566,MESSAGE=Sending message to Redis]"},
{"logger":"com.shvatov.diploma.nosql.producer.RedisMessageProducer","timestamp":"22 Jan 2023;18:01:48.921","message":"[SYSTEM_TIME_NS=3774905789158,MESSAGE_ID=3760623265566,MESSAGE=Successfully sent message to Redis]"},
{"logger":"com.shvatov.diploma.nosql.consumer.RedisMessageConsumer","timestamp":"22 Jan 2023;18:01:48.923","message":"[SYSTEM_TIME_NS=3774907666757,MESSAGE_ID=3760623265566,MESSAGE=Finished consuming message in topic [service_out]]"},
{"logger":"com.shvatov.diploma.nosql.consumer.RedisMessageConsumer","timestamp":"22 Jan 2023;18:01:49.831","message":"[SYSTEM_TIME_NS=3775815405322,MESSAGE_ID=3760407703507,MESSAGE=Received message in topic [service_out]]"},
{"logger":"com.shvatov.diploma.nosql.producer.RedisMessageProducer","timestamp":"22 Jan 2023;18:01:50.220","message":"[SYSTEM_TIME_NS=3776204821507,MESSAGE_ID=3760407703507,MESSAGE=Sending message to Redis]"},
{"logger":"com.shvatov.diploma.nosql.consumer.RedisMessageConsumer","timestamp":"22 Jan 2023;18:01:52.345","message":"[SYSTEM_TIME_NS=3778329810499,MESSAGE_ID=3760616028465,MESSAGE=Received message in topic [service_out]]"},
{"logger":"com.shvatov.diploma.nosql.producer.RedisMessageProducer","timestamp":"22 Jan 2023;18:01:52.141","message":"[SYSTEM_TIME_NS=3778125241434,MESSAGE_ID=3760407703507,MESSAGE=Successfully sent message to Redis]"},
{"logger":"com.shvatov.diploma.nosql.consumer.RedisMessageConsumer","timestamp":"22 Jan 2023;18:01:52.653","message":"[SYSTEM_TIME_NS=3778634434031,MESSAGE_ID=3760407703507,MESSAGE=Finished consuming message in topic [service_out]]"},
{"logger":"com.shvatov.diploma.nosql.producer.RedisMessageProducer","timestamp":"22 Jan 2023;18:01:52.438","message":"[SYSTEM_TIME_NS=3778417551544,MESSAGE_ID=3760616028465,MESSAGE=Sending message to Redis]"},
{"logger":"com.shvatov.diploma.nosql.producer.RedisMessageProducer","timestamp":"22 Jan 2023;18:01:53.536","message":"[SYSTEM_TIME_NS=3779520207662,MESSAGE_ID=3760616028465,MESSAGE=Successfully sent message to Redis]"},
{"logger":"com.shvatov.diploma.nosql.consumer.RedisMessageConsumer","timestamp":"22 Jan 2023;18:01:53.540","message":"[SYSTEM_TIME_NS=3779524708507,MESSAGE_ID=3760616028465,MESSAGE=Finished consuming message in topic [service_out]]"},
